  [1m[35m (196.1ms)[0m  [1m[35mCREATE DATABASE "project5_app_api_development" ENCODING = 'unicode'[0m
  [1m[35m (58.4ms)[0m  [1m[35mCREATE DATABASE "project5_app_api_test" ENCODING = 'unicode'[0m
  [1m[35m (8.9ms)[0m  [1m[35mCREATE TABLE "schema_migrations" ("version" character varying NOT NULL PRIMARY KEY)[0m
  [1m[35m (5.1ms)[0m  [1m[35mCREATE TABLE "ar_internal_metadata" ("key" character varying NOT NULL PRIMARY KEY, "value" character varying, "created_at" timestamp(6) NOT NULL, "updated_at" timestamp(6) NOT NULL)[0m
  [1m[35m (0.5ms)[0m  [1m[34mSELECT pg_try_advisory_lock(309518060361983760)[0m
  [1m[35m (0.3ms)[0m  [1m[34mSELECT "schema_migrations"."version" FROM "schema_migrations" ORDER BY "schema_migrations"."version" ASC[0m
Migrating to CreateUsers (20200113153049)
  [1m[35m (0.1ms)[0m  [1m[35mBEGIN[0m
  [1m[35m (6.5ms)[0m  [1m[35mCREATE TABLE "users" ("id" bigserial primary key, "username" character varying, "password_digest" character varying, "created_at" timestamp(6) NOT NULL, "updated_at" timestamp(6) NOT NULL)[0m
  [1m[36mprimary::SchemaMigration Create (0.3ms)[0m  [1m[32mINSERT INTO "schema_migrations" ("version") VALUES ($1) RETURNING "version"[0m  [["version", "20200113153049"]]
  [1m[35m (0.3ms)[0m  [1m[35mCOMMIT[0m
  [1m[36mActiveRecord::InternalMetadata Load (0.2ms)[0m  [1m[34mSELECT "ar_internal_metadata".* FROM "ar_internal_metadata" WHERE "ar_internal_metadata"."key" = $1 LIMIT $2[0m  [["key", "environment"], ["LIMIT", 1]]
  [1m[35m (0.1ms)[0m  [1m[35mBEGIN[0m
  [1m[36mActiveRecord::InternalMetadata Create (0.4ms)[0m  [1m[32mINSERT INTO "ar_internal_metadata" ("key", "value", "created_at", "updated_at") VALUES ($1, $2, $3, $4) RETURNING "key"[0m  [["key", "environment"], ["value", "development"], ["created_at", "2020-01-13 15:33:56.805901"], ["updated_at", "2020-01-13 15:33:56.805901"]]
  [1m[35m (0.3ms)[0m  [1m[35mCOMMIT[0m
  [1m[35m (0.1ms)[0m  [1m[34mSELECT pg_advisory_unlock(309518060361983760)[0m
  [1m[35m (0.4ms)[0m  [1m[34mSELECT "schema_migrations"."version" FROM "schema_migrations" ORDER BY "schema_migrations"."version" ASC[0m
  [1m[35m (0.2ms)[0m  [1m[35mBEGIN[0m
  [1m[36mUser Create (0.9ms)[0m  [1m[32mINSERT INTO "users" ("username", "password_digest", "created_at", "updated_at") VALUES ($1, $2, $3, $4) RETURNING "id"[0m  [["username", "Mel"], ["password_digest", "$2a$12$T11Ob/CbOxZ2CvYCWnZWleJja3Q9WLEbJg./T3J22MY4AKlUJsGyG"], ["created_at", "2020-01-13 15:37:46.184232"], ["updated_at", "2020-01-13 15:37:46.184232"]]
  [1m[35m (0.4ms)[0m  [1m[35mCOMMIT[0m
Started POST "/users/register?username=Mel&password=[FILTERED]" for ::1 at 2020-01-13 11:09:14 -0500
  [1m[35m (0.4ms)[0m  [1m[34mSELECT "schema_migrations"."version" FROM "schema_migrations" ORDER BY "schema_migrations"."version" ASC[0m
Processing by UsersController#register as */*
  Parameters: {"username"=>"Mel", "password"=>"[FILTERED]", "user"=>{}}
Completed 400 Bad Request in 0ms (ActiveRecord: 1.3ms | Allocations: 205)


  
ActionController::ParameterMissing (param is missing or the value is empty: user):
  
app/controllers/users_controller.rb:71:in `user_params'
app/controllers/users_controller.rb:43:in `register'
Started POST "/users/register?username=Mel&password=[FILTERED]" for ::1 at 2020-01-13 11:09:28 -0500
Processing by UsersController#register as */*
  Parameters: {"username"=>"Mel", "password"=>"[FILTERED]", "user"=>{}}
Completed 400 Bad Request in 0ms (ActiveRecord: 0.0ms | Allocations: 134)


  
ActionController::ParameterMissing (param is missing or the value is empty: user):
  
app/controllers/users_controller.rb:71:in `user_params'
app/controllers/users_controller.rb:43:in `register'
Started GET "/users/register?username=Mel&password=[FILTERED]" for ::1 at 2020-01-13 11:09:31 -0500
Processing by UsersController#show as */*
  Parameters: {"username"=>"Mel", "password"=>"[FILTERED]", "id"=>"register", "user"=>{}}
  [1m[36mUser Load (0.2ms)[0m  [1m[34mSELECT "users".* FROM "users" WHERE "users"."id" = $1 LIMIT $2[0m  [["id", nil], ["LIMIT", 1]]
  ↳ app/controllers/users_controller.rb:66:in `set_user'
Completed 404 Not Found in 5ms (ActiveRecord: 1.9ms | Allocations: 1202)


  
ActiveRecord::RecordNotFound (Couldn't find User with 'id'=register):
  
app/controllers/users_controller.rb:66:in `set_user'
Started POST "/users/register?username=Mel&password=[FILTERED]" for ::1 at 2020-01-13 11:10:06 -0500
Processing by UsersController#register as */*
  Parameters: {"username"=>"Mel", "password"=>"[FILTERED]", "user"=>{}}
Completed 400 Bad Request in 0ms (ActiveRecord: 0.0ms | Allocations: 132)


  
ActionController::ParameterMissing (param is missing or the value is empty: user):
  
app/controllers/users_controller.rb:71:in `user_params'
app/controllers/users_controller.rb:43:in `register'
Started GET "/users/register?username=Mel&password=[FILTERED]" for ::1 at 2020-01-13 11:10:18 -0500
Processing by UsersController#show as */*
  Parameters: {"username"=>"Mel", "password"=>"[FILTERED]", "id"=>"register", "user"=>{}}
  [1m[36mUser Load (0.2ms)[0m  [1m[34mSELECT "users".* FROM "users" WHERE "users"."id" = $1 LIMIT $2[0m  [["id", nil], ["LIMIT", 1]]
  ↳ app/controllers/users_controller.rb:66:in `set_user'
Completed 404 Not Found in 1ms (ActiveRecord: 0.2ms | Allocations: 633)


  
ActiveRecord::RecordNotFound (Couldn't find User with 'id'=register):
  
app/controllers/users_controller.rb:66:in `set_user'
Started POST "/user/register?username=Mel&password=[FILTERED]" for ::1 at 2020-01-13 11:10:32 -0500
  
ActionController::RoutingError (No route matches [POST] "/user/register"):
  
actionpack (6.0.2.1) lib/action_dispatch/middleware/debug_exceptions.rb:36:in `call'
actionpack (6.0.2.1) lib/action_dispatch/middleware/show_exceptions.rb:33:in `call'
railties (6.0.2.1) lib/rails/rack/logger.rb:38:in `call_app'
railties (6.0.2.1) lib/rails/rack/logger.rb:26:in `block in call'
activesupport (6.0.2.1) lib/active_support/tagged_logging.rb:80:in `block in tagged'
activesupport (6.0.2.1) lib/active_support/tagged_logging.rb:28:in `tagged'
activesupport (6.0.2.1) lib/active_support/tagged_logging.rb:80:in `tagged'
railties (6.0.2.1) lib/rails/rack/logger.rb:26:in `call'
actionpack (6.0.2.1) lib/action_dispatch/middleware/remote_ip.rb:81:in `call'
actionpack (6.0.2.1) lib/action_dispatch/middleware/request_id.rb:27:in `call'
rack (2.1.1) lib/rack/runtime.rb:24:in `call'
activesupport (6.0.2.1) lib/active_support/cache/strategy/local_cache_middleware.rb:29:in `call'
actionpack (6.0.2.1) lib/action_dispatch/middleware/executor.rb:14:in `call'
actionpack (6.0.2.1) lib/action_dispatch/middleware/static.rb:126:in `call'
rack (2.1.1) lib/rack/sendfile.rb:113:in `call'
actionpack (6.0.2.1) lib/action_dispatch/middleware/host_authorization.rb:83:in `call'
railties (6.0.2.1) lib/rails/engine.rb:526:in `call'
puma (4.3.1) lib/puma/configuration.rb:228:in `call'
puma (4.3.1) lib/puma/server.rb:681:in `handle_request'
puma (4.3.1) lib/puma/server.rb:472:in `process_client'
puma (4.3.1) lib/puma/server.rb:328:in `block in run'
puma (4.3.1) lib/puma/thread_pool.rb:134:in `block in spawn_thread'
Started POST "/users/register?username=Mel&password=[FILTERED]" for ::1 at 2020-01-13 11:10:37 -0500
Processing by UsersController#register as */*
  Parameters: {"username"=>"Mel", "password"=>"[FILTERED]", "user"=>{}}
Completed 400 Bad Request in 0ms (ActiveRecord: 0.0ms | Allocations: 132)


  
ActionController::ParameterMissing (param is missing or the value is empty: user):
  
app/controllers/users_controller.rb:71:in `user_params'
app/controllers/users_controller.rb:43:in `register'
Started POST "/users/register?username=Mel&password=[FILTERED]" for ::1 at 2020-01-13 11:12:52 -0500
Processing by UsersController#register as */*
  Parameters: {"username"=>"Mel", "password"=>"[FILTERED]", "user"=>{}}
Completed 400 Bad Request in 0ms (ActiveRecord: 0.0ms | Allocations: 132)


  
ActionController::ParameterMissing (param is missing or the value is empty: user):
  
app/controllers/users_controller.rb:71:in `user_params'
app/controllers/users_controller.rb:43:in `register'
  [1m[36mUser Load (0.2ms)[0m  [1m[34mSELECT "users".* FROM "users" LIMIT $1[0m  [["LIMIT", 11]]
Started POST "/users/register?username=Mel&password=[FILTERED]" for ::1 at 2020-01-13 11:14:29 -0500
  [1m[35m (0.4ms)[0m  [1m[34mSELECT "schema_migrations"."version" FROM "schema_migrations" ORDER BY "schema_migrations"."version" ASC[0m
Processing by UsersController#register as */*
  Parameters: {"username"=>"Mel", "password"=>"[FILTERED]", "user"=>{}}
Completed 400 Bad Request in 0ms (ActiveRecord: 1.1ms | Allocations: 205)


  
ActionController::ParameterMissing (param is missing or the value is empty: user):
  
app/controllers/users_controller.rb:71:in `user_params'
app/controllers/users_controller.rb:43:in `register'
Started POST "/users/login?username=Mel&password=[FILTERED]" for ::1 at 2020-01-13 11:16:54 -0500
Processing by UsersController#login as */*
  Parameters: {"username"=>"Mel", "password"=>"[FILTERED]", "user"=>{}}
  [1m[36mUser Load (0.3ms)[0m  [1m[34mSELECT "users".* FROM "users" WHERE "users"."username" = $1 LIMIT $2[0m  [["username", "Mel"], ["LIMIT", 1]]
  ↳ app/controllers/users_controller.rb:53:in `login'
Completed 500 Internal Server Error in 234ms (ActiveRecord: 2.9ms | Allocations: 39785)


  
NoMethodError (undefined method `create_token' for #<UsersController:0x00007fcaecad48f0>):
  
app/controllers/users_controller.rb:55:in `login'
Started POST "/users/register?username=Mel&password=[FILTERED]" for ::1 at 2020-01-13 11:18:38 -0500
Processing by UsersController#register as */*
  Parameters: {"username"=>"Mel", "password"=>"[FILTERED]", "user"=>{}}
Completed 400 Bad Request in 0ms (ActiveRecord: 0.0ms | Allocations: 134)


  
ActionController::ParameterMissing (param is missing or the value is empty: user):
  
app/controllers/users_controller.rb:71:in `user_params'
app/controllers/users_controller.rb:43:in `register'
Started POST "/users/register?username=Mel&password=[FILTERED]" for ::1 at 2020-01-13 11:18:47 -0500
Processing by UsersController#register as */*
  Parameters: {"username"=>"Mel", "password"=>"[FILTERED]", "user"=>{}}
[31mUnpermitted parameters: :password, :user[0m
Completed 422 Unprocessable Entity in 20ms (Views: 0.1ms | ActiveRecord: 2.1ms | Allocations: 6561)


Started POST "/users/register?username=Mel&password=[FILTERED]" for ::1 at 2020-01-13 11:19:08 -0500
Processing by UsersController#register as */*
  Parameters: {"username"=>"Mel", "password"=>"[FILTERED]", "user"=>{}}
Completed 400 Bad Request in 0ms (ActiveRecord: 1.1ms | Allocations: 170)


  
ActionController::ParameterMissing (param is missing or the value is empty: user):
  
app/controllers/users_controller.rb:71:in `user_params'
app/controllers/users_controller.rb:43:in `register'
Started POST "/users/register?username=Mel&password=[FILTERED]" for ::1 at 2020-01-13 11:27:07 -0500
Processing by UsersController#register as */*
  Parameters: {"username"=>"Mel", "password"=>"[FILTERED]", "user"=>{}}
[31mUnpermitted parameter: :user[0m
  [1m[35m (0.2ms)[0m  [1m[35mBEGIN[0m
  ↳ app/controllers/users_controller.rb:44:in `register'
  [1m[36mUser Create (0.4ms)[0m  [1m[32mINSERT INTO "users" ("username", "password_digest", "created_at", "updated_at") VALUES ($1, $2, $3, $4) RETURNING "id"[0m  [["username", "Mel"], ["password_digest", "$2a$12$ibgRqa5s0DjN.dq62gZlbO5ld2/qTaUu3MICMj/Lx7pd1NWvAUi6C"], ["created_at", "2020-01-13 16:27:08.008394"], ["updated_at", "2020-01-13 16:27:08.008394"]]
  ↳ app/controllers/users_controller.rb:44:in `register'
  [1m[35m (2.5ms)[0m  [1m[35mCOMMIT[0m
  ↳ app/controllers/users_controller.rb:44:in `register'
Completed 201 Created in 192ms (Views: 0.5ms | ActiveRecord: 5.0ms | Allocations: 5432)


Started POST "/users/login?username=Mel&password=[FILTERED]" for ::1 at 2020-01-13 11:35:10 -0500
Processing by UsersController#login as */*
  Parameters: {"username"=>"Mel", "password"=>"[FILTERED]", "user"=>{}}
  [1m[36mUser Load (0.2ms)[0m  [1m[34mSELECT "users".* FROM "users" WHERE "users"."username" IS NULL LIMIT $1[0m  [["LIMIT", 1]]
  ↳ app/controllers/users_controller.rb:53:in `login'
Completed 500 Internal Server Error in 82ms (ActiveRecord: 0.4ms | Allocations: 70951)


  
NameError (undefined local variable or method `user' for #<UsersController:0x00007fcaf28677b0>
Did you mean?  @user):
  
app/controllers/users_controller.rb:54:in `login'
Started POST "/users/login?username=Mel&password=[FILTERED]" for ::1 at 2020-01-13 11:35:56 -0500
Processing by UsersController#login as */*
  Parameters: {"username"=>"Mel", "password"=>"[FILTERED]", "user"=>{}}
  [1m[36mUser Load (0.1ms)[0m  [1m[34mSELECT "users".* FROM "users" WHERE "users"."username" IS NULL LIMIT $1[0m  [["LIMIT", 1]]
  ↳ app/controllers/users_controller.rb:53:in `login'
Completed 200 OK in 1ms (Views: 0.1ms | ActiveRecord: 2.7ms | Allocations: 881)


Started POST "/users/login?username=Mel&password=[FILTERED]" for ::1 at 2020-01-13 11:35:56 -0500
Processing by UsersController#login as */*
  Parameters: {"username"=>"Mel", "password"=>"[FILTERED]", "user"=>{}}
  [1m[36mUser Load (0.2ms)[0m  [1m[34mSELECT "users".* FROM "users" WHERE "users"."username" IS NULL LIMIT $1[0m  [["LIMIT", 1]]
  ↳ app/controllers/users_controller.rb:53:in `login'
Completed 200 OK in 1ms (Views: 0.1ms | ActiveRecord: 0.2ms | Allocations: 812)


Started POST "/users/login?username=Mel&password=[FILTERED]" for ::1 at 2020-01-13 11:36:10 -0500
Processing by UsersController#login as */*
  Parameters: {"username"=>"Mel", "password"=>"[FILTERED]", "user"=>{}}
  [1m[36mUser Load (0.2ms)[0m  [1m[34mSELECT "users".* FROM "users" WHERE "users"."username" IS NULL LIMIT $1[0m  [["LIMIT", 1]]
  ↳ app/controllers/users_controller.rb:53:in `login'
Completed 200 OK in 1ms (Views: 0.1ms | ActiveRecord: 0.2ms | Allocations: 830)


Started POST "/users/login?username=Mel&password=[FILTERED]" for ::1 at 2020-01-13 11:36:10 -0500
Processing by UsersController#login as */*
  Parameters: {"username"=>"Mel", "password"=>"[FILTERED]", "user"=>{}}
  [1m[36mUser Load (0.2ms)[0m  [1m[34mSELECT "users".* FROM "users" WHERE "users"."username" IS NULL LIMIT $1[0m  [["LIMIT", 1]]
  ↳ app/controllers/users_controller.rb:53:in `login'
Completed 200 OK in 1ms (Views: 0.1ms | ActiveRecord: 0.2ms | Allocations: 812)


Started POST "/users/login?username=Mel&password=[FILTERED]" for ::1 at 2020-01-13 11:36:29 -0500
Processing by UsersController#login as */*
  Parameters: {"username"=>"Mel", "password"=>"[FILTERED]", "user"=>{}}
  [1m[36mUser Load (0.1ms)[0m  [1m[34mSELECT "users".* FROM "users" WHERE "users"."username" IS NULL LIMIT $1[0m  [["LIMIT", 1]]
  ↳ app/controllers/users_controller.rb:53:in `login'
Completed 200 OK in 1ms (Views: 0.1ms | ActiveRecord: 1.3ms | Allocations: 885)


Started POST "/users/login?username=Mel&password=[FILTERED]" for ::1 at 2020-01-13 11:36:29 -0500
Processing by UsersController#login as */*
  Parameters: {"username"=>"Mel", "password"=>"[FILTERED]", "user"=>{}}
  [1m[36mUser Load (0.1ms)[0m  [1m[34mSELECT "users".* FROM "users" WHERE "users"."username" IS NULL LIMIT $1[0m  [["LIMIT", 1]]
  ↳ app/controllers/users_controller.rb:53:in `login'
Completed 200 OK in 1ms (Views: 0.1ms | ActiveRecord: 0.1ms | Allocations: 812)


Started POST "/users/login?username=Mel&password=[FILTERED]" for ::1 at 2020-01-13 11:36:38 -0500
Processing by UsersController#login as */*
  Parameters: {"username"=>"Mel", "password"=>"[FILTERED]", "user"=>{}}
  [1m[36mUser Load (0.1ms)[0m  [1m[34mSELECT "users".* FROM "users" WHERE "users"."username" IS NULL LIMIT $1[0m  [["LIMIT", 1]]
  ↳ app/controllers/users_controller.rb:53:in `login'
Completed 200 OK in 1ms (Views: 0.1ms | ActiveRecord: 0.1ms | Allocations: 816)


Started POST "/users/login?username=Mel&password=[FILTERED]" for ::1 at 2020-01-13 11:36:43 -0500
Processing by UsersController#login as */*
  Parameters: {"username"=>"Mel", "password"=>"[FILTERED]", "user"=>{}}
  [1m[36mUser Load (0.1ms)[0m  [1m[34mSELECT "users".* FROM "users" WHERE "users"."username" IS NULL LIMIT $1[0m  [["LIMIT", 1]]
  ↳ app/controllers/users_controller.rb:53:in `login'
Completed 200 OK in 1ms (Views: 0.1ms | ActiveRecord: 0.1ms | Allocations: 812)


Started POST "/users/login?username=Mel&password=[FILTERED]" for ::1 at 2020-01-13 11:38:44 -0500
  [1m[35m (0.4ms)[0m  [1m[34mSELECT "schema_migrations"."version" FROM "schema_migrations" ORDER BY "schema_migrations"."version" ASC[0m
Processing by UsersController#login as */*
  Parameters: {"username"=>"Mel", "password"=>"[FILTERED]", "user"=>{}}
  [1m[36mUser Load (0.2ms)[0m  [1m[34mSELECT "users".* FROM "users" WHERE "users"."username" IS NULL LIMIT $1[0m  [["LIMIT", 1]]
  ↳ app/controllers/users_controller.rb:53:in `login'
Completed 200 OK in 2ms (Views: 0.2ms | ActiveRecord: 1.4ms | Allocations: 1337)


Started POST "/users/login?username=Mel&password=[FILTERED]" for ::1 at 2020-01-13 11:39:15 -0500
Processing by UsersController#login as */*
  Parameters: {"username"=>"Mel", "password"=>"[FILTERED]", "user"=>{}}
  [1m[36mUser Load (0.2ms)[0m  [1m[34mSELECT "users".* FROM "users" WHERE "users"."username" IS NULL LIMIT $1[0m  [["LIMIT", 1]]
  ↳ app/controllers/users_controller.rb:53:in `login'
Completed 200 OK in 1ms (Views: 0.1ms | ActiveRecord: 0.2ms | Allocations: 830)


Started POST "/users/login?username=Mel&password=[FILTERED]" for ::1 at 2020-01-13 11:39:15 -0500
Processing by UsersController#login as */*
  Parameters: {"username"=>"Mel", "password"=>"[FILTERED]", "user"=>{}}
  [1m[36mUser Load (0.1ms)[0m  [1m[34mSELECT "users".* FROM "users" WHERE "users"."username" IS NULL LIMIT $1[0m  [["LIMIT", 1]]
  ↳ app/controllers/users_controller.rb:53:in `login'
Completed 200 OK in 1ms (Views: 0.1ms | ActiveRecord: 0.1ms | Allocations: 812)


Started POST "/users/register?username=Mel&password=[FILTERED]" for ::1 at 2020-01-13 11:39:21 -0500
Processing by UsersController#register as */*
  Parameters: {"username"=>"Mel", "password"=>"[FILTERED]", "user"=>{}}
[31mUnpermitted parameter: :user[0m
  [1m[35m (0.1ms)[0m  [1m[35mBEGIN[0m
  ↳ app/controllers/users_controller.rb:44:in `register'
  [1m[36mUser Create (0.4ms)[0m  [1m[32mINSERT INTO "users" ("username", "password_digest", "created_at", "updated_at") VALUES ($1, $2, $3, $4) RETURNING "id"[0m  [["username", "Mel"], ["password_digest", "$2a$12$6ArWu7OOuaIqA.B0vNZJ7OZE7xONqVHb1s0.VK.FxOCrU60.B4lFC"], ["created_at", "2020-01-13 16:39:21.752897"], ["updated_at", "2020-01-13 16:39:21.752897"]]
  ↳ app/controllers/users_controller.rb:44:in `register'
  [1m[35m (0.8ms)[0m  [1m[35mCOMMIT[0m
  ↳ app/controllers/users_controller.rb:44:in `register'
Completed 201 Created in 206ms (Views: 0.5ms | ActiveRecord: 3.1ms | Allocations: 5708)


Started POST "/users/register?username=Mel&password=[FILTERED]" for ::1 at 2020-01-13 11:39:21 -0500
Processing by UsersController#register as */*
  Parameters: {"username"=>"Mel", "password"=>"[FILTERED]", "user"=>{}}
[31mUnpermitted parameter: :user[0m
  [1m[35m (0.2ms)[0m  [1m[35mBEGIN[0m
  ↳ app/controllers/users_controller.rb:44:in `register'
  [1m[36mUser Create (0.2ms)[0m  [1m[32mINSERT INTO "users" ("username", "password_digest", "created_at", "updated_at") VALUES ($1, $2, $3, $4) RETURNING "id"[0m  [["username", "Mel"], ["password_digest", "$2a$12$YSKF.p3n6WcQqHvOvzqllukxLvqHz.PtbS6s//uhVBdBZKeTBF8.C"], ["created_at", "2020-01-13 16:39:21.937643"], ["updated_at", "2020-01-13 16:39:21.937643"]]
  ↳ app/controllers/users_controller.rb:44:in `register'
  [1m[35m (0.7ms)[0m  [1m[35mCOMMIT[0m
  ↳ app/controllers/users_controller.rb:44:in `register'
Completed 201 Created in 182ms (Views: 0.3ms | ActiveRecord: 1.1ms | Allocations: 2443)


Started POST "/users/login?username=Mel&password=[FILTERED]" for ::1 at 2020-01-13 11:39:35 -0500
Processing by UsersController#login as */*
  Parameters: {"username"=>"Mel", "password"=>"[FILTERED]", "user"=>{}}
  [1m[36mUser Load (0.2ms)[0m  [1m[34mSELECT "users".* FROM "users" WHERE "users"."username" IS NULL LIMIT $1[0m  [["LIMIT", 1]]
  ↳ app/controllers/users_controller.rb:53:in `login'
Completed 200 OK in 2ms (Views: 0.1ms | ActiveRecord: 0.2ms | Allocations: 830)


Started POST "/users/login?username=Mel&password=[FILTERED]" for ::1 at 2020-01-13 11:39:35 -0500
Processing by UsersController#login as */*
  Parameters: {"username"=>"Mel", "password"=>"[FILTERED]", "user"=>{}}
  [1m[36mUser Load (0.1ms)[0m  [1m[34mSELECT "users".* FROM "users" WHERE "users"."username" IS NULL LIMIT $1[0m  [["LIMIT", 1]]
  ↳ app/controllers/users_controller.rb:53:in `login'
Completed 200 OK in 1ms (Views: 0.1ms | ActiveRecord: 0.1ms | Allocations: 812)


Started POST "/users/login?username=Mel&password=[FILTERED]" for ::1 at 2020-01-13 11:41:37 -0500
Processing by UsersController#login as */*
  Parameters: {"username"=>"Mel", "password"=>"[FILTERED]", "user"=>{}}
  [1m[36mUser Load (0.1ms)[0m  [1m[34mSELECT "users".* FROM "users" WHERE "users"."username" IS NULL LIMIT $1[0m  [["LIMIT", 1]]
  ↳ app/controllers/users_controller.rb:53:in `login'
Completed 200 OK in 1ms (Views: 0.1ms | ActiveRecord: 1.2ms | Allocations: 882)


Started POST "/users/login?username=Mel&password=[FILTERED]" for ::1 at 2020-01-13 11:41:37 -0500
Processing by UsersController#login as */*
  Parameters: {"username"=>"Mel", "password"=>"[FILTERED]", "user"=>{}}
  [1m[36mUser Load (0.1ms)[0m  [1m[34mSELECT "users".* FROM "users" WHERE "users"."username" IS NULL LIMIT $1[0m  [["LIMIT", 1]]
  ↳ app/controllers/users_controller.rb:53:in `login'
Completed 200 OK in 1ms (Views: 0.1ms | ActiveRecord: 0.1ms | Allocations: 812)


Started POST "/users/register?username=Mel&password=[FILTERED]" for ::1 at 2020-01-13 11:41:43 -0500
Processing by UsersController#register as */*
  Parameters: {"username"=>"Mel", "password"=>"[FILTERED]", "user"=>{}}
[31mUnpermitted parameter: :user[0m
  [1m[35m (0.2ms)[0m  [1m[35mBEGIN[0m
  ↳ app/controllers/users_controller.rb:44:in `register'
  [1m[36mUser Create (0.2ms)[0m  [1m[32mINSERT INTO "users" ("username", "password_digest", "created_at", "updated_at") VALUES ($1, $2, $3, $4) RETURNING "id"[0m  [["username", "Mel"], ["password_digest", "$2a$12$a0nx88NqjXtPcWsgyoHJROU1JdNdJCnwqXPX900bmBsLqgIdsg9vu"], ["created_at", "2020-01-13 16:41:43.790884"], ["updated_at", "2020-01-13 16:41:43.790884"]]
  ↳ app/controllers/users_controller.rb:44:in `register'
  [1m[35m (0.3ms)[0m  [1m[35mCOMMIT[0m
  ↳ app/controllers/users_controller.rb:44:in `register'
Completed 201 Created in 191ms (Views: 0.4ms | ActiveRecord: 1.8ms | Allocations: 5233)


Started POST "/users/register?username=Mel&password=[FILTERED]" for ::1 at 2020-01-13 11:41:43 -0500
Processing by UsersController#register as */*
  Parameters: {"username"=>"Mel", "password"=>"[FILTERED]", "user"=>{}}
[31mUnpermitted parameter: :user[0m
  [1m[35m (0.2ms)[0m  [1m[35mBEGIN[0m
  ↳ app/controllers/users_controller.rb:44:in `register'
  [1m[36mUser Create (0.2ms)[0m  [1m[32mINSERT INTO "users" ("username", "password_digest", "created_at", "updated_at") VALUES ($1, $2, $3, $4) RETURNING "id"[0m  [["username", "Mel"], ["password_digest", "$2a$12$Cw0ORTwFtGrumWcd6boH5e/Bb7huCvVF2wz2hxpPvtN87YB.5BvnS"], ["created_at", "2020-01-13 16:41:43.978240"], ["updated_at", "2020-01-13 16:41:43.978240"]]
  ↳ app/controllers/users_controller.rb:44:in `register'
  [1m[35m (0.6ms)[0m  [1m[35mCOMMIT[0m
  ↳ app/controllers/users_controller.rb:44:in `register'
Completed 201 Created in 187ms (Views: 0.3ms | ActiveRecord: 1.1ms | Allocations: 2443)


Started POST "/users/login?username=Mel&password=[FILTERED]" for ::1 at 2020-01-13 11:41:58 -0500
Processing by UsersController#login as */*
  Parameters: {"username"=>"Mel", "password"=>"[FILTERED]", "user"=>{}}
  [1m[36mUser Load (0.2ms)[0m  [1m[34mSELECT "users".* FROM "users" WHERE "users"."username" IS NULL LIMIT $1[0m  [["LIMIT", 1]]
  ↳ app/controllers/users_controller.rb:53:in `login'
Completed 200 OK in 1ms (Views: 0.1ms | ActiveRecord: 0.2ms | Allocations: 812)


Started POST "/users/login?username=Mel&password=[FILTERED]" for ::1 at 2020-01-13 11:41:58 -0500
Processing by UsersController#login as */*
  Parameters: {"username"=>"Mel", "password"=>"[FILTERED]", "user"=>{}}
  [1m[36mUser Load (0.1ms)[0m  [1m[34mSELECT "users".* FROM "users" WHERE "users"."username" IS NULL LIMIT $1[0m  [["LIMIT", 1]]
  ↳ app/controllers/users_controller.rb:53:in `login'
Completed 200 OK in 1ms (Views: 0.1ms | ActiveRecord: 0.1ms | Allocations: 812)


Started POST "/users/login?username=Mel&password=[FILTERED]" for ::1 at 2020-01-13 11:51:01 -0500
Processing by UsersController#login as */*
  Parameters: {"username"=>"Mel", "password"=>"[FILTERED]", "user"=>{}}
  [1m[36mUser Load (0.2ms)[0m  [1m[34mSELECT "users".* FROM "users" WHERE "users"."username" IS NULL LIMIT $1[0m  [["LIMIT", 1]]
  ↳ app/controllers/users_controller.rb:53:in `login'
Completed 200 OK in 2ms (Views: 0.1ms | ActiveRecord: 0.4ms | Allocations: 956)


Started POST "/users/login?username=Mel&password=[FILTERED]" for ::1 at 2020-01-13 11:51:01 -0500
Processing by UsersController#login as */*
  Parameters: {"username"=>"Mel", "password"=>"[FILTERED]", "user"=>{}}
  [1m[36mUser Load (0.1ms)[0m  [1m[34mSELECT "users".* FROM "users" WHERE "users"."username" IS NULL LIMIT $1[0m  [["LIMIT", 1]]
  ↳ app/controllers/users_controller.rb:53:in `login'
Completed 200 OK in 1ms (Views: 0.1ms | ActiveRecord: 0.1ms | Allocations: 812)


Started GET "/users/login?username=Mel&password=[FILTERED]" for ::1 at 2020-01-13 11:51:05 -0500
Processing by UsersController#show as */*
  Parameters: {"username"=>"Mel", "password"=>"[FILTERED]", "id"=>"login", "user"=>{}}
  [1m[36mUser Load (0.2ms)[0m  [1m[34mSELECT "users".* FROM "users" WHERE "users"."id" = $1 LIMIT $2[0m  [["id", nil], ["LIMIT", 1]]
  ↳ app/controllers/users_controller.rb:65:in `set_user'
Completed 404 Not Found in 1ms (ActiveRecord: 0.2ms | Allocations: 737)


  
ActiveRecord::RecordNotFound (Couldn't find User with 'id'=login):
  
app/controllers/users_controller.rb:65:in `set_user'
Started POST "/users/login?username=Mel&password=[FILTERED]" for ::1 at 2020-01-13 11:51:13 -0500
Processing by UsersController#login as */*
  Parameters: {"username"=>"Mel", "password"=>"[FILTERED]", "user"=>{}}
  [1m[36mUser Load (0.2ms)[0m  [1m[34mSELECT "users".* FROM "users" WHERE "users"."username" IS NULL LIMIT $1[0m  [["LIMIT", 1]]
  ↳ app/controllers/users_controller.rb:53:in `login'
Completed 200 OK in 1ms (Views: 0.1ms | ActiveRecord: 0.2ms | Allocations: 813)


Started POST "/users/login?username=Mel&password=[FILTERED]" for ::1 at 2020-01-13 11:51:13 -0500
Processing by UsersController#login as */*
  Parameters: {"username"=>"Mel", "password"=>"[FILTERED]", "user"=>{}}
  [1m[36mUser Load (0.1ms)[0m  [1m[34mSELECT "users".* FROM "users" WHERE "users"."username" IS NULL LIMIT $1[0m  [["LIMIT", 1]]
  ↳ app/controllers/users_controller.rb:53:in `login'
Completed 200 OK in 1ms (Views: 0.1ms | ActiveRecord: 0.1ms | Allocations: 812)


Started POST "/users/register?username=Mel&password=[FILTERED]" for ::1 at 2020-01-13 11:51:57 -0500
Processing by UsersController#register as */*
  Parameters: {"username"=>"Mel", "password"=>"[FILTERED]", "user"=>{}}
[31mUnpermitted parameter: :user[0m
  [1m[35m (0.1ms)[0m  [1m[35mBEGIN[0m
  ↳ app/controllers/users_controller.rb:44:in `register'
  [1m[36mUser Create (0.3ms)[0m  [1m[32mINSERT INTO "users" ("username", "password_digest", "created_at", "updated_at") VALUES ($1, $2, $3, $4) RETURNING "id"[0m  [["username", "Mel"], ["password_digest", "$2a$12$XYOnp0tBBFQEhZdJ77GVLeUmiYeOpAWPQOdfAVcwvDD1IRm0AN0pC"], ["created_at", "2020-01-13 16:51:58.168072"], ["updated_at", "2020-01-13 16:51:58.168072"]]
  ↳ app/controllers/users_controller.rb:44:in `register'
  [1m[35m (1.2ms)[0m  [1m[35mCOMMIT[0m
  ↳ app/controllers/users_controller.rb:44:in `register'
Completed 201 Created in 190ms (Views: 0.4ms | ActiveRecord: 5.7ms | Allocations: 5310)


Started POST "/users/register?username=Mel&password=[FILTERED]" for ::1 at 2020-01-13 11:51:58 -0500
Processing by UsersController#register as */*
  Parameters: {"username"=>"Mel", "password"=>"[FILTERED]", "user"=>{}}
[31mUnpermitted parameter: :user[0m
  [1m[35m (0.2ms)[0m  [1m[35mBEGIN[0m
  ↳ app/controllers/users_controller.rb:44:in `register'
  [1m[36mUser Create (0.5ms)[0m  [1m[32mINSERT INTO "users" ("username", "password_digest", "created_at", "updated_at") VALUES ($1, $2, $3, $4) RETURNING "id"[0m  [["username", "Mel"], ["password_digest", "$2a$12$0mmd3WiHmjw5QRmL5Zjv1OCOazRPyjorZcYiSqSjJUm8l/qG5FR7u"], ["created_at", "2020-01-13 16:51:58.356359"], ["updated_at", "2020-01-13 16:51:58.356359"]]
  ↳ app/controllers/users_controller.rb:44:in `register'
  [1m[35m (0.7ms)[0m  [1m[35mCOMMIT[0m
  ↳ app/controllers/users_controller.rb:44:in `register'
Completed 201 Created in 186ms (Views: 0.4ms | ActiveRecord: 1.3ms | Allocations: 2443)


Started POST "/users/login?username=Mel&password=[FILTERED]" for ::1 at 2020-01-13 11:52:03 -0500
Processing by UsersController#login as */*
  Parameters: {"username"=>"Mel", "password"=>"[FILTERED]", "user"=>{}}
  [1m[36mUser Load (0.4ms)[0m  [1m[34mSELECT "users".* FROM "users" WHERE "users"."username" = $1 LIMIT $2[0m  [["username", "Mel"], ["LIMIT", 1]]
  ↳ app/controllers/users_controller.rb:53:in `login'
Completed 500 Internal Server Error in 187ms (ActiveRecord: 0.4ms | Allocations: 902)


  
TypeError (no implicit conversion of nil into String):
  
app/controllers/users_controller.rb:74:in `create_token'
app/controllers/users_controller.rb:55:in `login'
Started POST "/users/login?username=Mel&password=[FILTERED]" for ::1 at 2020-01-13 11:52:28 -0500
  [1m[35m (0.4ms)[0m  [1m[34mSELECT "schema_migrations"."version" FROM "schema_migrations" ORDER BY "schema_migrations"."version" ASC[0m
Processing by UsersController#login as */*
  Parameters: {"username"=>"Mel", "password"=>"[FILTERED]", "user"=>{}}
  [1m[36mUser Load (0.3ms)[0m  [1m[34mSELECT "users".* FROM "users" WHERE "users"."username" = $1 LIMIT $2[0m  [["username", "Mel"], ["LIMIT", 1]]
  ↳ app/controllers/users_controller.rb:53:in `login'
Completed 500 Internal Server Error in 190ms (ActiveRecord: 3.2ms | Allocations: 4288)


  
TypeError (no implicit conversion of nil into String):
  
app/controllers/users_controller.rb:74:in `create_token'
app/controllers/users_controller.rb:55:in `login'
Started POST "/users/login?username=Mel&password=[FILTERED]" for ::1 at 2020-01-13 11:53:18 -0500
Processing by UsersController#login as */*
  Parameters: {"username"=>"Mel", "password"=>"[FILTERED]", "user"=>{}}
  [1m[36mUser Load (0.3ms)[0m  [1m[34mSELECT "users".* FROM "users" WHERE "users"."username" = $1 LIMIT $2[0m  [["username", "Mel"], ["LIMIT", 1]]
  ↳ app/controllers/users_controller.rb:53:in `login'
Completed 500 Internal Server Error in 186ms (ActiveRecord: 0.3ms | Allocations: 786)


  
TypeError (no implicit conversion of nil into String):
  
app/controllers/users_controller.rb:74:in `create_token'
app/controllers/users_controller.rb:55:in `login'
Started POST "/users/register?username=Mel&password=[FILTERED]" for ::1 at 2020-01-13 11:54:47 -0500
Processing by UsersController#register as */*
  Parameters: {"username"=>"Mel", "password"=>"[FILTERED]", "user"=>{}}
[31mUnpermitted parameter: :user[0m
  [1m[35m (0.1ms)[0m  [1m[35mBEGIN[0m
  ↳ app/controllers/users_controller.rb:44:in `register'
  [1m[36mUser Create (0.3ms)[0m  [1m[32mINSERT INTO "users" ("username", "password_digest", "created_at", "updated_at") VALUES ($1, $2, $3, $4) RETURNING "id"[0m  [["username", "Mel"], ["password_digest", "$2a$12$S718Aw6wd1HJvrZU5CIhw.7lf6inrD8aMWi8zhooZGbai14weZh6C"], ["created_at", "2020-01-13 16:54:47.698877"], ["updated_at", "2020-01-13 16:54:47.698877"]]
  ↳ app/controllers/users_controller.rb:44:in `register'
  [1m[35m (0.8ms)[0m  [1m[35mCOMMIT[0m
  ↳ app/controllers/users_controller.rb:44:in `register'
Completed 201 Created in 189ms (Views: 0.6ms | ActiveRecord: 3.2ms | Allocations: 5552)


Started POST "/users/register?username=Mel&password=[FILTERED]" for ::1 at 2020-01-13 11:54:47 -0500
Processing by UsersController#register as */*
  Parameters: {"username"=>"Mel", "password"=>"[FILTERED]", "user"=>{}}
[31mUnpermitted parameter: :user[0m
  [1m[35m (0.2ms)[0m  [1m[35mBEGIN[0m
  ↳ app/controllers/users_controller.rb:44:in `register'
  [1m[36mUser Create (0.2ms)[0m  [1m[32mINSERT INTO "users" ("username", "password_digest", "created_at", "updated_at") VALUES ($1, $2, $3, $4) RETURNING "id"[0m  [["username", "Mel"], ["password_digest", "$2a$12$QXGeCtNKdGOSZ9TiXl8cve7D7aQXOEFrmlDyyWZGDXfSxQvZHPE6C"], ["created_at", "2020-01-13 16:54:47.885687"], ["updated_at", "2020-01-13 16:54:47.885687"]]
  ↳ app/controllers/users_controller.rb:44:in `register'
  [1m[35m (0.9ms)[0m  [1m[35mCOMMIT[0m
  ↳ app/controllers/users_controller.rb:44:in `register'
Completed 201 Created in 185ms (Views: 0.5ms | ActiveRecord: 1.2ms | Allocations: 2443)


Started POST "/users/login?username=Mel&password=[FILTERED]" for ::1 at 2020-01-13 11:54:54 -0500
Processing by UsersController#login as */*
  Parameters: {"username"=>"Mel", "password"=>"[FILTERED]", "user"=>{}}
  [1m[36mUser Load (0.2ms)[0m  [1m[34mSELECT "users".* FROM "users" WHERE "users"."username" = $1 LIMIT $2[0m  [["username", "Mel"], ["LIMIT", 1]]
  ↳ app/controllers/users_controller.rb:53:in `login'
Completed 500 Internal Server Error in 186ms (ActiveRecord: 0.2ms | Allocations: 911)


  
TypeError (no implicit conversion of nil into String):
  
app/controllers/users_controller.rb:74:in `create_token'
app/controllers/users_controller.rb:55:in `login'
Started POST "/users/register?username=Mel&password=[FILTERED]" for ::1 at 2020-01-13 11:58:01 -0500
Processing by UsersController#register as */*
  Parameters: {"username"=>"Mel", "password"=>"[FILTERED]", "user"=>{}}
[31mUnpermitted parameter: :user[0m
  [1m[35m (0.1ms)[0m  [1m[35mBEGIN[0m
  ↳ app/controllers/users_controller.rb:44:in `register'
  [1m[36mUser Create (0.2ms)[0m  [1m[32mINSERT INTO "users" ("username", "password_digest", "created_at", "updated_at") VALUES ($1, $2, $3, $4) RETURNING "id"[0m  [["username", "Mel"], ["password_digest", "$2a$12$px4hLXeb5eAKPyv/BrWqQOEXEjSQyBqvpUY2ydTMJMJNmu5CJk0.i"], ["created_at", "2020-01-13 16:58:02.210987"], ["updated_at", "2020-01-13 16:58:02.210987"]]
  ↳ app/controllers/users_controller.rb:44:in `register'
  [1m[35m (0.7ms)[0m  [1m[35mCOMMIT[0m
  ↳ app/controllers/users_controller.rb:44:in `register'
Completed 201 Created in 190ms (Views: 0.5ms | ActiveRecord: 3.1ms | Allocations: 5320)


Started POST "/users/register?username=Mel&password=[FILTERED]" for ::1 at 2020-01-13 11:58:02 -0500
Processing by UsersController#register as */*
  Parameters: {"username"=>"Mel", "password"=>"[FILTERED]", "user"=>{}}
[31mUnpermitted parameter: :user[0m
  [1m[35m (0.1ms)[0m  [1m[35mBEGIN[0m
  ↳ app/controllers/users_controller.rb:44:in `register'
  [1m[36mUser Create (0.2ms)[0m  [1m[32mINSERT INTO "users" ("username", "password_digest", "created_at", "updated_at") VALUES ($1, $2, $3, $4) RETURNING "id"[0m  [["username", "Mel"], ["password_digest", "$2a$12$rd/bHq71hODUJXZ1QowN2eNYhfeaVH2ajkRu9pvyC/2CpQ39MgQ0u"], ["created_at", "2020-01-13 16:58:02.397720"], ["updated_at", "2020-01-13 16:58:02.397720"]]
  ↳ app/controllers/users_controller.rb:44:in `register'
  [1m[35m (0.7ms)[0m  [1m[35mCOMMIT[0m
  ↳ app/controllers/users_controller.rb:44:in `register'
Completed 201 Created in 184ms (Views: 0.3ms | ActiveRecord: 1.0ms | Allocations: 2443)


Started POST "/users/login?username=Mel&password=[FILTERED]" for ::1 at 2020-01-13 11:58:07 -0500
Processing by UsersController#login as */*
  Parameters: {"username"=>"Mel", "password"=>"[FILTERED]", "user"=>{}}
  [1m[36mUser Load (0.2ms)[0m  [1m[34mSELECT "users".* FROM "users" WHERE "users"."username" = $1 LIMIT $2[0m  [["username", "Mel"], ["LIMIT", 1]]
  ↳ app/controllers/users_controller.rb:53:in `login'
Completed 500 Internal Server Error in 183ms (ActiveRecord: 0.2ms | Allocations: 892)


  
TypeError (no implicit conversion of nil into String):
  
app/controllers/users_controller.rb:74:in `create_token'
app/controllers/users_controller.rb:55:in `login'
Started POST "/users/login?username=Mel&password=[FILTERED]" for ::1 at 2020-01-13 11:58:42 -0500
  [1m[35m (0.5ms)[0m  [1m[34mSELECT "schema_migrations"."version" FROM "schema_migrations" ORDER BY "schema_migrations"."version" ASC[0m
Processing by UsersController#login as */*
  Parameters: {"username"=>"Mel", "password"=>"[FILTERED]", "user"=>{}}
  [1m[36mUser Load (0.3ms)[0m  [1m[34mSELECT "users".* FROM "users" WHERE "users"."username" = $1 LIMIT $2[0m  [["username", "Mel"], ["LIMIT", 1]]
  ↳ app/controllers/users_controller.rb:53:in `login'
Completed 500 Internal Server Error in 187ms (ActiveRecord: 3.0ms | Allocations: 4288)


  
TypeError (no implicit conversion of nil into String):
  
app/controllers/users_controller.rb:74:in `create_token'
app/controllers/users_controller.rb:55:in `login'
Started POST "/users/login?username=Mel&password=[FILTERED]" for ::1 at 2020-01-13 12:00:28 -0500
  [1m[35m (0.4ms)[0m  [1m[34mSELECT "schema_migrations"."version" FROM "schema_migrations" ORDER BY "schema_migrations"."version" ASC[0m
Processing by UsersController#login as */*
  Parameters: {"username"=>"Mel", "password"=>"[FILTERED]", "user"=>{}}
  [1m[36mUser Load (0.3ms)[0m  [1m[34mSELECT "users".* FROM "users" WHERE "users"."username" = $1 LIMIT $2[0m  [["username", "Mel"], ["LIMIT", 1]]
  ↳ app/controllers/users_controller.rb:53:in `login'
Completed 500 Internal Server Error in 187ms (ActiveRecord: 3.1ms | Allocations: 4288)


  
TypeError (no implicit conversion of nil into String):
  
app/controllers/users_controller.rb:74:in `create_token'
app/controllers/users_controller.rb:55:in `login'
Started POST "/users/login?username=Mel&password=[FILTERED]" for ::1 at 2020-01-13 12:02:19 -0500
  [1m[35m (0.5ms)[0m  [1m[34mSELECT "schema_migrations"."version" FROM "schema_migrations" ORDER BY "schema_migrations"."version" ASC[0m
Processing by UsersController#login as */*
  Parameters: {"username"=>"Mel", "password"=>"[FILTERED]", "user"=>{}}
  [1m[36mUser Load (0.3ms)[0m  [1m[34mSELECT "users".* FROM "users" WHERE "users"."username" = $1 LIMIT $2[0m  [["username", "Mel"], ["LIMIT", 1]]
  ↳ app/controllers/users_controller.rb:53:in `login'
Completed 500 Internal Server Error in 196ms (ActiveRecord: 3.8ms | Allocations: 4291)


  
TypeError (no implicit conversion of nil into String):
  
app/controllers/users_controller.rb:74:in `create_token'
app/controllers/users_controller.rb:55:in `login'
Started POST "/users/login?username=Mel&password=[FILTERED]" for ::1 at 2020-01-13 12:11:09 -0500
  [1m[35m (0.4ms)[0m  [1m[34mSELECT "schema_migrations"."version" FROM "schema_migrations" ORDER BY "schema_migrations"."version" ASC[0m
Processing by UsersController#login as */*
  Parameters: {"username"=>"Mel", "password"=>"[FILTERED]"}
  [1m[36mUser Load (0.2ms)[0m  [1m[34mSELECT "users".* FROM "users" WHERE "users"."username" = $1 LIMIT $2[0m  [["username", "Mel"], ["LIMIT", 1]]
  ↳ app/controllers/users_controller.rb:53:in `login'
Completed 200 OK in 190ms (Views: 0.4ms | ActiveRecord: 3.1ms | Allocations: 5397)


Started POST "/users/login?username=Mel&password=[FILTERED]" for ::1 at 2020-01-13 12:11:10 -0500
Processing by UsersController#login as */*
  Parameters: {"username"=>"Mel", "password"=>"[FILTERED]"}
  [1m[36mUser Load (0.1ms)[0m  [1m[34mSELECT "users".* FROM "users" WHERE "users"."username" = $1 LIMIT $2[0m  [["username", "Mel"], ["LIMIT", 1]]
  ↳ app/controllers/users_controller.rb:53:in `login'
Completed 200 OK in 182ms (Views: 0.2ms | ActiveRecord: 0.1ms | Allocations: 896)


Started GET "/users" for ::1 at 2020-01-13 12:14:51 -0500
Processing by UsersController#index as HTML
  [1m[36mUser Load (0.2ms)[0m  [1m[34mSELECT "users".* FROM "users"[0m
  ↳ app/controllers/users_controller.rb:10:in `index'
Completed 200 OK in 8ms (Views: 5.1ms | ActiveRecord: 2.3ms | Allocations: 5858)


Started POST "/users/login?username=Mel&password=[FILTERED]" for ::1 at 2020-01-13 12:19:16 -0500
Processing by UsersController#login as */*
  Parameters: {"username"=>"Mel", "password"=>"[FILTERED]"}
  [1m[36mUser Load (0.2ms)[0m  [1m[34mSELECT "users".* FROM "users" WHERE "users"."username" = $1 LIMIT $2[0m  [["username", "Mel"], ["LIMIT", 1]]
  ↳ app/controllers/users_controller.rb:55:in `login'
Completed 200 OK in 189ms (Views: 0.2ms | ActiveRecord: 2.4ms | Allocations: 4659)


Started POST "/users/login?username=Mel&password=[FILTERED]" for ::1 at 2020-01-13 12:19:17 -0500
Processing by UsersController#login as */*
  Parameters: {"username"=>"Mel", "password"=>"[FILTERED]"}
  [1m[36mUser Load (0.1ms)[0m  [1m[34mSELECT "users".* FROM "users" WHERE "users"."username" = $1 LIMIT $2[0m  [["username", "Mel"], ["LIMIT", 1]]
  ↳ app/controllers/users_controller.rb:55:in `login'
Completed 200 OK in 180ms (Views: 0.2ms | ActiveRecord: 0.1ms | Allocations: 903)


Started GET "/users?username=Mel&password=[FILTERED]" for ::1 at 2020-01-13 12:19:41 -0500
Processing by UsersController#index as */*
  Parameters: {"username"=>"Mel", "password"=>"[FILTERED]"}
Completed 500 Internal Server Error in 50ms (ActiveRecord: 0.0ms | Allocations: 35586)


  
NoMethodError (undefined method `decode_token' for #<UsersController:0x00007f81f8373418>
Did you mean?  decode_toke):
  
app/controllers/application_controller.rb:5:in `authenticate_token'
Started GET "/users?username=Mel&password=[FILTERED]" for ::1 at 2020-01-13 12:20:27 -0500
Processing by UsersController#index as */*
  Parameters: {"username"=>"Mel", "password"=>"[FILTERED]"}
  [1m[36mUser Load (0.2ms)[0m  [1m[34mSELECT "users".* FROM "users"[0m
  ↳ app/controllers/users_controller.rb:10:in `index'
Completed 200 OK in 8ms (Views: 4.7ms | ActiveRecord: 2.1ms | Allocations: 5861)


Started GET "/users?username=Mel&password=[FILTERED]" for ::1 at 2020-01-13 12:20:27 -0500
Processing by UsersController#index as */*
  Parameters: {"username"=>"Mel", "password"=>"[FILTERED]"}
  [1m[36mUser Load (0.1ms)[0m  [1m[34mSELECT "users".* FROM "users"[0m
  ↳ app/controllers/users_controller.rb:10:in `index'
Completed 200 OK in 2ms (Views: 1.5ms | ActiveRecord: 0.1ms | Allocations: 2217)


Started GET "/users?username=Mel&password=[FILTERED]" for ::1 at 2020-01-13 12:21:30 -0500
Processing by UsersController#index as */*
  Parameters: {"username"=>"Mel", "password"=>"[FILTERED]"}
  [1m[36mUser Load (0.2ms)[0m  [1m[34mSELECT "users".* FROM "users"[0m
  ↳ app/controllers/users_controller.rb:10:in `index'
Completed 200 OK in 3ms (Views: 2.3ms | ActiveRecord: 0.2ms | Allocations: 2217)


Started GET "/users?username=Mel&password=[FILTERED]" for ::1 at 2020-01-13 12:26:20 -0500
Processing by UsersController#index as */*
  Parameters: {"username"=>"Mel", "password"=>"[FILTERED]"}
Completed 500 Internal Server Error in 47ms (ActiveRecord: 0.0ms | Allocations: 35560)


  
NoMethodError (undefined method `decode_token' for #<UsersController:0x00007f81f8a6da70>):
  
app/controllers/application_controller.rb:5:in `authenticate_token'
Started GET "/users?username=Mel&password=[FILTERED]" for ::1 at 2020-01-13 12:27:59 -0500
Processing by UsersController#index as */*
  Parameters: {"username"=>"Mel", "password"=>"[FILTERED]"}
Completed 500 Internal Server Error in 68ms (ActiveRecord: 0.0ms | Allocations: 35512)


  
NoMethodError (undefined method `decode_token' for #<UsersController:0x00007f81f9a04bc8>):
  
app/controllers/application_controller.rb:5:in `authenticate_token'
Started GET "/users?username=Mel&password=[FILTERED]" for ::1 at 2020-01-13 12:29:59 -0500
Processing by UsersController#index as */*
  Parameters: {"username"=>"Mel", "password"=>"[FILTERED]"}
  [1m[36mUser Load (0.3ms)[0m  [1m[34mSELECT "users".* FROM "users"[0m
  ↳ app/controllers/users_controller.rb:10:in `index'
Completed 200 OK in 11ms (Views: 7.6ms | ActiveRecord: 2.9ms | Allocations: 5864)


Started GET "/users?username=Mel&password=[FILTERED]" for ::1 at 2020-01-13 13:08:20 -0500
Processing by UsersController#index as */*
  Parameters: {"username"=>"Mel", "password"=>"[FILTERED]"}
  [1m[36mUser Load (0.5ms)[0m  [1m[34mSELECT "users".* FROM "users"[0m
  ↳ app/controllers/users_controller.rb:10:in `index'
Completed 200 OK in 6ms (Views: 4.6ms | ActiveRecord: 0.5ms | Allocations: 5708)


Started GET "/users?username=Mel&password=[FILTERED]" for ::1 at 2020-01-13 13:09:37 -0500
Processing by UsersController#index as */*
  Parameters: {"username"=>"Mel", "password"=>"[FILTERED]"}
Completed 500 Internal Server Error in 0ms (ActiveRecord: 0.0ms | Allocations: 183)


  
JWT::DecodeError (Invalid segment encoding):
  
app/controllers/application_controller.rb:5:in `decode_token'
app/controllers/application_controller.rb:11:in `authenticate_token'
Started GET "/users?username=Mel&password=[FILTERED]" for ::1 at 2020-01-13 13:14:12 -0500
Processing by UsersController#index as */*
  Parameters: {"username"=>"Mel", "password"=>"[FILTERED]"}
Filter chain halted as :authenticate_token rendered or redirected
Completed 200 OK in 0ms (Views: 0.1ms | ActiveRecord: 0.0ms | Allocations: 235)


Started GET "/users?username=Mel&password=[FILTERED]" for ::1 at 2020-01-13 13:14:18 -0500
Processing by UsersController#index as */*
  Parameters: {"username"=>"Mel", "password"=>"[FILTERED]"}
Filter chain halted as :authenticate_token rendered or redirected
Completed 200 OK in 0ms (Views: 0.1ms | ActiveRecord: 0.0ms | Allocations: 179)


Started GET "/users/login?username=Mel&password=[FILTERED]" for ::1 at 2020-01-13 13:19:27 -0500
Processing by UsersController#show as */*
  Parameters: {"username"=>"Mel", "password"=>"[FILTERED]", "id"=>"login"}
  [1m[36mUser Load (0.1ms)[0m  [1m[34mSELECT "users".* FROM "users" WHERE "users"."id" = $1 LIMIT $2[0m  [["id", nil], ["LIMIT", 1]]
  ↳ app/controllers/users_controller.rb:67:in `set_user'
Completed 404 Not Found in 7ms (ActiveRecord: 4.4ms | Allocations: 1709)


  
ActiveRecord::RecordNotFound (Couldn't find User with 'id'=login):
  
app/controllers/users_controller.rb:67:in `set_user'
Started GET "/users/register?username=Mel&password=[FILTERED]" for ::1 at 2020-01-13 13:21:41 -0500
Processing by UsersController#show as */*
  Parameters: {"username"=>"Mel", "password"=>"[FILTERED]", "id"=>"register"}
  [1m[36mUser Load (0.2ms)[0m  [1m[34mSELECT "users".* FROM "users" WHERE "users"."id" = $1 LIMIT $2[0m  [["id", nil], ["LIMIT", 1]]
  ↳ app/controllers/users_controller.rb:67:in `set_user'
Completed 404 Not Found in 5ms (ActiveRecord: 2.3ms | Allocations: 1644)


  
ActiveRecord::RecordNotFound (Couldn't find User with 'id'=register):
  
app/controllers/users_controller.rb:67:in `set_user'
Started GET "/users?username=Mel&password=[FILTERED]" for ::1 at 2020-01-13 13:22:25 -0500
Processing by UsersController#index as */*
  Parameters: {"username"=>"Mel", "password"=>"[FILTERED]"}
Filter chain halted as :authenticate_token rendered or redirected
Completed 200 OK in 0ms (Views: 0.1ms | ActiveRecord: 0.0ms | Allocations: 247)


Started POST "/users/register?username=Mel&password=[FILTERED]" for ::1 at 2020-01-13 13:22:38 -0500
Processing by UsersController#register as */*
  Parameters: {"username"=>"Mel", "password"=>"[FILTERED]"}
  [1m[35m (0.1ms)[0m  [1m[35mBEGIN[0m
  ↳ app/controllers/users_controller.rb:46:in `register'
  [1m[36mUser Create (0.3ms)[0m  [1m[32mINSERT INTO "users" ("username", "password_digest", "created_at", "updated_at") VALUES ($1, $2, $3, $4) RETURNING "id"[0m  [["username", "Mel"], ["password_digest", "$2a$12$3N4KN7w3Mp2jO2zNmMwJdOEQMKh6uNeR0.RpSRNJUgZj4tXNDhKoO"], ["created_at", "2020-01-13 18:22:38.636904"], ["updated_at", "2020-01-13 18:22:38.636904"]]
  ↳ app/controllers/users_controller.rb:46:in `register'
  [1m[35m (4.1ms)[0m  [1m[35mCOMMIT[0m
  ↳ app/controllers/users_controller.rb:46:in `register'
Completed 201 Created in 193ms (Views: 0.5ms | ActiveRecord: 4.5ms | Allocations: 5419)


Started POST "/users/login?username=Mel&password=[FILTERED]" for ::1 at 2020-01-13 13:22:43 -0500
Processing by UsersController#login as */*
  Parameters: {"username"=>"Mel", "password"=>"[FILTERED]"}
  [1m[36mUser Load (0.2ms)[0m  [1m[34mSELECT "users".* FROM "users" WHERE "users"."username" = $1 LIMIT $2[0m  [["username", "Mel"], ["LIMIT", 1]]
  ↳ app/controllers/users_controller.rb:55:in `login'
Completed 200 OK in 185ms (Views: 0.2ms | ActiveRecord: 0.2ms | Allocations: 1022)


Started GET "/users/3?username=Mel&password=[FILTERED]" for ::1 at 2020-01-13 13:24:55 -0500
Processing by UsersController#show as */*
  Parameters: {"username"=>"Mel", "password"=>"[FILTERED]", "id"=>"3"}
  [1m[36mUser Load (0.2ms)[0m  [1m[34mSELECT "users".* FROM "users" WHERE "users"."id" = $1 LIMIT $2[0m  [["id", 3], ["LIMIT", 1]]
  ↳ app/controllers/users_controller.rb:67:in `set_user'
Filter chain halted as :authenticate_token rendered or redirected
Completed 200 OK in 7ms (Views: 0.1ms | ActiveRecord: 2.3ms | Allocations: 4493)


Started GET "/users/1?username=Mel&password=[FILTERED]" for ::1 at 2020-01-13 13:25:01 -0500
Processing by UsersController#show as */*
  Parameters: {"username"=>"Mel", "password"=>"[FILTERED]", "id"=>"1"}
  [1m[36mUser Load (0.2ms)[0m  [1m[34mSELECT "users".* FROM "users" WHERE "users"."id" = $1 LIMIT $2[0m  [["id", 1], ["LIMIT", 1]]
  ↳ app/controllers/users_controller.rb:67:in `set_user'
Filter chain halted as :authenticate_token rendered or redirected
Completed 200 OK in 1ms (Views: 0.1ms | ActiveRecord: 0.2ms | Allocations: 785)


Started GET "/users/3?username=Mel&password=[FILTERED]" for ::1 at 2020-01-13 13:26:46 -0500
Processing by UsersController#show as */*
  Parameters: {"username"=>"Mel", "password"=>"[FILTERED]", "id"=>"3"}
  [1m[36mUser Load (0.2ms)[0m  [1m[34mSELECT "users".* FROM "users" WHERE "users"."id" = $1 LIMIT $2[0m  [["id", 3], ["LIMIT", 1]]
  ↳ app/controllers/users_controller.rb:67:in `set_user'
Filter chain halted as :authenticate_token rendered or redirected
Completed 200 OK in 1ms (Views: 0.1ms | ActiveRecord: 0.2ms | Allocations: 786)


Started GET "/users/3?username=Mel&password=[FILTERED]" for ::1 at 2020-01-13 13:27:02 -0500
Processing by UsersController#show as */*
  Parameters: {"username"=>"Mel", "password"=>"[FILTERED]", "id"=>"3"}
  [1m[36mUser Load (0.2ms)[0m  [1m[34mSELECT "users".* FROM "users" WHERE "users"."id" = $1 LIMIT $2[0m  [["id", 3], ["LIMIT", 1]]
  ↳ app/controllers/users_controller.rb:67:in `set_user'
Filter chain halted as :authenticate_token rendered or redirected
Completed 200 OK in 1ms (Views: 0.1ms | ActiveRecord: 0.2ms | Allocations: 785)


Started GET "/users/1?username=Mel&password=[FILTERED]" for ::1 at 2020-01-13 13:27:05 -0500
Processing by UsersController#show as */*
  Parameters: {"username"=>"Mel", "password"=>"[FILTERED]", "id"=>"1"}
  [1m[36mUser Load (0.1ms)[0m  [1m[34mSELECT "users".* FROM "users" WHERE "users"."id" = $1 LIMIT $2[0m  [["id", 1], ["LIMIT", 1]]
  ↳ app/controllers/users_controller.rb:67:in `set_user'
Filter chain halted as :authenticate_token rendered or redirected
Completed 200 OK in 1ms (Views: 0.1ms | ActiveRecord: 0.1ms | Allocations: 785)


Started GET "/users/1?username=Mel&password=[FILTERED]" for ::1 at 2020-01-13 13:29:58 -0500
Processing by UsersController#show as */*
  Parameters: {"username"=>"Mel", "password"=>"[FILTERED]", "id"=>"1"}
  [1m[36mUser Load (0.1ms)[0m  [1m[34mSELECT "users".* FROM "users" WHERE "users"."id" = $1 LIMIT $2[0m  [["id", 1], ["LIMIT", 1]]
  ↳ app/controllers/users_controller.rb:67:in `set_user'
Filter chain halted as :authenticate_token rendered or redirected
Completed 200 OK in 1ms (Views: 0.1ms | ActiveRecord: 0.1ms | Allocations: 785)


Started GET "/users?username=Mel&password=[FILTERED]" for ::1 at 2020-01-13 13:30:03 -0500
Processing by UsersController#index as */*
  Parameters: {"username"=>"Mel", "password"=>"[FILTERED]"}
Filter chain halted as :authenticate_token rendered or redirected
Completed 200 OK in 0ms (Views: 0.1ms | ActiveRecord: 0.0ms | Allocations: 240)


Started GET "/users?username=Mel&password=[FILTERED]" for ::1 at 2020-01-13 13:30:04 -0500
Processing by UsersController#index as */*
  Parameters: {"username"=>"Mel", "password"=>"[FILTERED]"}
Filter chain halted as :authenticate_token rendered or redirected
Completed 200 OK in 0ms (Views: 0.1ms | ActiveRecord: 0.0ms | Allocations: 240)


Started POST "/users/login?username=Mel&password=[FILTERED]" for ::1 at 2020-01-13 13:30:18 -0500
Processing by UsersController#login as */*
  Parameters: {"username"=>"Mel", "password"=>"[FILTERED]"}
  [1m[36mUser Load (0.2ms)[0m  [1m[34mSELECT "users".* FROM "users" WHERE "users"."username" = $1 LIMIT $2[0m  [["username", "Mel"], ["LIMIT", 1]]
  ↳ app/controllers/users_controller.rb:55:in `login'
Completed 200 OK in 185ms (Views: 0.2ms | ActiveRecord: 0.2ms | Allocations: 1033)


Started POST "/users?username=Mel&password=[FILTERED]" for ::1 at 2020-01-13 13:30:26 -0500
Processing by UsersController#create as */*
  Parameters: {"username"=>"Mel", "password"=>"[FILTERED]"}
Filter chain halted as :authenticate_token rendered or redirected
Completed 200 OK in 0ms (Views: 0.1ms | ActiveRecord: 0.0ms | Allocations: 240)


Started GET "/users?username=Mel&password=[FILTERED]" for ::1 at 2020-01-13 13:30:39 -0500
Processing by UsersController#index as */*
  Parameters: {"username"=>"Mel", "password"=>"[FILTERED]"}
Filter chain halted as :authenticate_token rendered or redirected
Completed 200 OK in 0ms (Views: 0.1ms | ActiveRecord: 0.0ms | Allocations: 240)


Started GET "/users/register?username=Dee&password=[FILTERED]" for ::1 at 2020-01-13 13:35:34 -0500
Processing by UsersController#show as */*
  Parameters: {"username"=>"Dee", "password"=>"[FILTERED]", "id"=>"register"}
  [1m[36mUser Load (0.1ms)[0m  [1m[34mSELECT "users".* FROM "users" WHERE "users"."id" = $1 LIMIT $2[0m  [["id", nil], ["LIMIT", 1]]
  ↳ app/controllers/users_controller.rb:74:in `set_user'
Completed 404 Not Found in 4ms (ActiveRecord: 2.0ms | Allocations: 1645)


  
ActiveRecord::RecordNotFound (Couldn't find User with 'id'=register):
  
app/controllers/users_controller.rb:74:in `set_user'
Started POST "/users/register?username=Dee&password=[FILTERED]" for ::1 at 2020-01-13 13:36:59 -0500
Processing by UsersController#register as */*
  Parameters: {"username"=>"Dee", "password"=>"[FILTERED]"}
Filter chain halted as :authenticate_token rendered or redirected
Completed 200 OK in 0ms (Views: 0.1ms | ActiveRecord: 0.0ms | Allocations: 246)


Started POST "/users/register?username=Dee&password=[FILTERED]" for ::1 at 2020-01-13 13:47:13 -0500
Processing by UsersController#register as */*
  Parameters: {"username"=>"Dee", "password"=>"[FILTERED]"}
Filter chain halted as :authenticate_token rendered or redirected
Completed 200 OK in 0ms (Views: 0.1ms | ActiveRecord: 0.0ms | Allocations: 240)


Started GET "/users?username=Dee&password=[FILTERED]" for ::1 at 2020-01-13 13:48:28 -0500
Processing by UsersController#index as */*
  Parameters: {"username"=>"Dee", "password"=>"[FILTERED]"}
Filter chain halted as :authenticate_token rendered or redirected
Completed 200 OK in 0ms (Views: 0.1ms | ActiveRecord: 0.0ms | Allocations: 240)


Started GET "/users/login?username=Mel&password=[FILTERED]" for ::1 at 2020-01-13 13:48:40 -0500
Processing by UsersController#show as */*
  Parameters: {"username"=>"Mel", "password"=>"[FILTERED]", "id"=>"login"}
  [1m[36mUser Load (0.4ms)[0m  [1m[34mSELECT "users".* FROM "users" WHERE "users"."id" = $1 LIMIT $2[0m  [["id", nil], ["LIMIT", 1]]
  ↳ app/controllers/users_controller.rb:74:in `set_user'
Completed 404 Not Found in 2ms (ActiveRecord: 0.7ms | Allocations: 705)


  
ActiveRecord::RecordNotFound (Couldn't find User with 'id'=login):
  
app/controllers/users_controller.rb:74:in `set_user'
Started GET "/users/login?username=Mel&password=[FILTERED]" for ::1 at 2020-01-13 13:54:07 -0500
Processing by UsersController#show as */*
  Parameters: {"username"=>"Mel", "password"=>"[FILTERED]", "id"=>"login"}
  [1m[36mUser Load (0.1ms)[0m  [1m[34mSELECT "users".* FROM "users" WHERE "users"."id" = $1 LIMIT $2[0m  [["id", nil], ["LIMIT", 1]]
  ↳ app/controllers/users_controller.rb:74:in `set_user'
Completed 404 Not Found in 7ms (ActiveRecord: 4.2ms | Allocations: 1715)


  
ActiveRecord::RecordNotFound (Couldn't find User with 'id'=login):
  
app/controllers/users_controller.rb:74:in `set_user'
Started GET "/users?username=Mel&password=[FILTERED]" for ::1 at 2020-01-13 13:54:16 -0500
Processing by UsersController#index as */*
  Parameters: {"username"=>"Mel", "password"=>"[FILTERED]"}
Filter chain halted as :authenticate_token rendered or redirected
Completed 200 OK in 0ms (Views: 0.1ms | ActiveRecord: 0.0ms | Allocations: 231)


Started GET "/users?username=Mel&password=[FILTERED]" for ::1 at 2020-01-13 13:55:37 -0500
Processing by UsersController#index as */*
  Parameters: {"username"=>"Mel", "password"=>"[FILTERED]"}
Filter chain halted as :authenticate_token rendered or redirected
Completed 200 OK in 0ms (Views: 0.1ms | ActiveRecord: 0.0ms | Allocations: 225)


Started POST "/users/register?username=Dee&password=[FILTERED]" for ::1 at 2020-01-13 13:55:54 -0500
Processing by UsersController#register as */*
  Parameters: {"username"=>"Dee", "password"=>"[FILTERED]"}
Filter chain halted as :authenticate_token rendered or redirected
Completed 200 OK in 0ms (Views: 0.1ms | ActiveRecord: 0.0ms | Allocations: 225)


Started POST "/users/register?username=Dee&password=[FILTERED]" for ::1 at 2020-01-13 13:57:17 -0500
Processing by UsersController#register as */*
  Parameters: {"username"=>"Dee", "password"=>"[FILTERED]"}
Filter chain halted as :authenticate_token rendered or redirected
Completed 200 OK in 0ms (Views: 0.1ms | ActiveRecord: 0.0ms | Allocations: 280)


Started POST "/users?username=Dee&password=[FILTERED]" for ::1 at 2020-01-13 13:57:22 -0500
Processing by UsersController#create as */*
  Parameters: {"username"=>"Dee", "password"=>"[FILTERED]"}
  [1m[35m (0.2ms)[0m  [1m[35mBEGIN[0m
  ↳ app/controllers/users_controller.rb:22:in `create'
  [1m[36mUser Create (0.4ms)[0m  [1m[32mINSERT INTO "users" ("username", "password_digest", "created_at", "updated_at") VALUES ($1, $2, $3, $4) RETURNING "id"[0m  [["username", "Dee"], ["password_digest", "$2a$12$xYYJFljdBWAHDTHPDpI2EuX/SVOYdbH.twaguqGItnSvGiN4Rzaai"], ["created_at", "2020-01-13 18:57:22.750258"], ["updated_at", "2020-01-13 18:57:22.750258"]]
  ↳ app/controllers/users_controller.rb:22:in `create'
  [1m[35m (4.0ms)[0m  [1m[35mCOMMIT[0m
  ↳ app/controllers/users_controller.rb:22:in `create'
Completed 201 Created in 198ms (Views: 0.4ms | ActiveRecord: 6.8ms | Allocations: 6078)


Started GET "/users?username=Dee&password=[FILTERED]" for ::1 at 2020-01-13 13:57:44 -0500
Processing by UsersController#index as */*
  Parameters: {"username"=>"Dee", "password"=>"[FILTERED]"}
Filter chain halted as :authenticate_token rendered or redirected
Completed 200 OK in 0ms (Views: 0.1ms | ActiveRecord: 0.0ms | Allocations: 228)


Started GET "/users?username=Dee&password=[FILTERED]" for ::1 at 2020-01-13 13:57:45 -0500
Processing by UsersController#index as */*
  Parameters: {"username"=>"Dee", "password"=>"[FILTERED]"}
Filter chain halted as :authenticate_token rendered or redirected
Completed 200 OK in 0ms (Views: 0.1ms | ActiveRecord: 0.0ms | Allocations: 228)


Started GET "/users?username=Dee&password=[FILTERED]" for ::1 at 2020-01-13 13:57:51 -0500
Processing by UsersController#index as */*
  Parameters: {"username"=>"Dee", "password"=>"[FILTERED]"}
Filter chain halted as :authenticate_token rendered or redirected
Completed 200 OK in 0ms (Views: 0.1ms | ActiveRecord: 0.0ms | Allocations: 228)


Started GET "/users/3?username=Dee&password=[FILTERED]" for ::1 at 2020-01-13 13:59:36 -0500
Processing by UsersController#show as */*
  Parameters: {"username"=>"Dee", "password"=>"[FILTERED]", "id"=>"3"}
  [1m[36mUser Load (0.2ms)[0m  [1m[34mSELECT "users".* FROM "users" WHERE "users"."id" = $1 LIMIT $2[0m  [["id", 3], ["LIMIT", 1]]
  ↳ app/controllers/users_controller.rb:74:in `set_user'
Filter chain halted as :authenticate_token rendered or redirected
Completed 200 OK in 7ms (Views: 0.1ms | ActiveRecord: 2.1ms | Allocations: 4461)


Started GET "/users/3?username=Dee&password=[FILTERED]" for ::1 at 2020-01-13 13:59:53 -0500
Processing by UsersController#show as */*
  Parameters: {"username"=>"Dee", "password"=>"[FILTERED]", "id"=>"3"}
  [1m[36mUser Load (0.2ms)[0m  [1m[34mSELECT "users".* FROM "users" WHERE "users"."id" = $1 LIMIT $2[0m  [["id", 3], ["LIMIT", 1]]
  ↳ app/controllers/users_controller.rb:74:in `set_user'
Filter chain halted as :authenticate_token rendered or redirected
Completed 200 OK in 7ms (Views: 0.1ms | ActiveRecord: 0.2ms | Allocations: 791)


Started GET "/users/14?username=Dee&password=[FILTERED]" for ::1 at 2020-01-13 13:59:57 -0500
Processing by UsersController#show as */*
  Parameters: {"username"=>"Dee", "password"=>"[FILTERED]", "id"=>"14"}
  [1m[36mUser Load (0.2ms)[0m  [1m[34mSELECT "users".* FROM "users" WHERE "users"."id" = $1 LIMIT $2[0m  [["id", 14], ["LIMIT", 1]]
  ↳ app/controllers/users_controller.rb:74:in `set_user'
Filter chain halted as :authenticate_token rendered or redirected
Completed 200 OK in 1ms (Views: 0.1ms | ActiveRecord: 0.2ms | Allocations: 788)


Started GET "/users/13?username=Dee&password=[FILTERED]" for ::1 at 2020-01-13 13:59:59 -0500
Processing by UsersController#show as */*
  Parameters: {"username"=>"Dee", "password"=>"[FILTERED]", "id"=>"13"}
  [1m[36mUser Load (0.2ms)[0m  [1m[34mSELECT "users".* FROM "users" WHERE "users"."id" = $1 LIMIT $2[0m  [["id", 13], ["LIMIT", 1]]
  ↳ app/controllers/users_controller.rb:74:in `set_user'
Filter chain halted as :authenticate_token rendered or redirected
Completed 200 OK in 1ms (Views: 0.1ms | ActiveRecord: 0.2ms | Allocations: 788)


Started POST "/users/register?username=Dee&password=[FILTERED]" for ::1 at 2020-01-13 14:00:57 -0500
Processing by UsersController#register as */*
  Parameters: {"username"=>"Dee", "password"=>"[FILTERED]"}
Filter chain halted as :authenticate_token rendered or redirected
Completed 200 OK in 0ms (Views: 0.1ms | ActiveRecord: 0.0ms | Allocations: 243)


Started POST "/users/register?username=Dee&password=[FILTERED]" for ::1 at 2020-01-13 14:02:00 -0500
Processing by UsersController#register as */*
  Parameters: {"username"=>"Dee", "password"=>"[FILTERED]"}
Filter chain halted as :authenticate_token rendered or redirected
Completed 200 OK in 0ms (Views: 0.1ms | ActiveRecord: 0.0ms | Allocations: 279)


Started POST "/users/register?username=Dee&password=[FILTERED]" for ::1 at 2020-01-13 14:02:34 -0500
Processing by UsersController#register as */*
  Parameters: {"username"=>"Dee", "password"=>"[FILTERED]"}
Completed 500 Internal Server Error in 0ms (ActiveRecord: 0.0ms | Allocations: 250)


  
JWT::ExpiredSignature (Signature has expired):
  
app/controllers/application_controller.rb:17:in `decode_token'
app/controllers/application_controller.rb:5:in `authenticate_token'
Started POST "/users/register?username=Dee&password=[FILTERED]" for ::1 at 2020-01-13 14:02:39 -0500
Processing by UsersController#register as */*
  Parameters: {"username"=>"Dee", "password"=>"[FILTERED]"}
Completed 500 Internal Server Error in 0ms (ActiveRecord: 0.0ms | Allocations: 203)


  
JWT::ExpiredSignature (Signature has expired):
  
app/controllers/application_controller.rb:17:in `decode_token'
app/controllers/application_controller.rb:5:in `authenticate_token'
Started POST "/users/register?username=Dee&password=[FILTERED]" for ::1 at 2020-01-13 14:02:45 -0500
Processing by UsersController#register as */*
  Parameters: {"username"=>"Dee", "password"=>"[FILTERED]"}
Completed 500 Internal Server Error in 0ms (ActiveRecord: 0.0ms | Allocations: 203)


  
JWT::ExpiredSignature (Signature has expired):
  
app/controllers/application_controller.rb:17:in `decode_token'
app/controllers/application_controller.rb:5:in `authenticate_token'
Started POST "/users/register?username=Dee&password=[FILTERED]" for ::1 at 2020-01-13 14:03:00 -0500
  [1m[35m (0.4ms)[0m  [1m[34mSELECT "schema_migrations"."version" FROM "schema_migrations" ORDER BY "schema_migrations"."version" ASC[0m
Processing by UsersController#register as */*
  Parameters: {"username"=>"Dee", "password"=>"[FILTERED]"}
Completed 500 Internal Server Error in 0ms (ActiveRecord: 0.0ms | Allocations: 265)


  
JWT::ExpiredSignature (Signature has expired):
  
app/controllers/application_controller.rb:17:in `decode_token'
app/controllers/application_controller.rb:5:in `authenticate_token'
Started POST "/users?username=Dee&password=[FILTERED]" for ::1 at 2020-01-13 14:06:49 -0500
Processing by UsersController#create as */*
  Parameters: {"username"=>"Dee", "password"=>"[FILTERED]"}
  [1m[35m (0.1ms)[0m  [1m[35mBEGIN[0m
  ↳ app/controllers/users_controller.rb:22:in `create'
  [1m[36mUser Create (0.5ms)[0m  [1m[32mINSERT INTO "users" ("username", "password_digest", "created_at", "updated_at") VALUES ($1, $2, $3, $4) RETURNING "id"[0m  [["username", "Dee"], ["password_digest", "$2a$12$b9c9DOhMoqGpAbXi1hu18OST3rMPeXq5L2hdTLFgGmUKtvQ4BKwKO"], ["created_at", "2020-01-13 19:06:49.518642"], ["updated_at", "2020-01-13 19:06:49.518642"]]
  ↳ app/controllers/users_controller.rb:22:in `create'
  [1m[35m (0.7ms)[0m  [1m[35mCOMMIT[0m
  ↳ app/controllers/users_controller.rb:22:in `create'
Completed 201 Created in 198ms (Views: 0.5ms | ActiveRecord: 4.3ms | Allocations: 7922)


Started POST "/users?username=Dee&password=[FILTERED]" for ::1 at 2020-01-13 14:10:43 -0500
Processing by UsersController#create as */*
  Parameters: {"username"=>"Dee", "password"=>"[FILTERED]"}
  [1m[35m (0.1ms)[0m  [1m[35mBEGIN[0m
  ↳ app/controllers/users_controller.rb:22:in `create'
  [1m[36mUser Create (0.2ms)[0m  [1m[32mINSERT INTO "users" ("username", "password_digest", "created_at", "updated_at") VALUES ($1, $2, $3, $4) RETURNING "id"[0m  [["username", "Dee"], ["password_digest", "$2a$12$ASoj.7O90wH.3OuNmt2KkebnnfG/W2xo7ElzIVis7fQDV8PHrtsRy"], ["created_at", "2020-01-13 19:10:44.100869"], ["updated_at", "2020-01-13 19:10:44.100869"]]
  ↳ app/controllers/users_controller.rb:22:in `create'
  [1m[35m (1.1ms)[0m  [1m[35mCOMMIT[0m
  ↳ app/controllers/users_controller.rb:22:in `create'
Completed 201 Created in 192ms (Views: 0.5ms | ActiveRecord: 3.6ms | Allocations: 6150)


Started GET "/users?username=Dee&password=[FILTERED]" for ::1 at 2020-01-13 14:10:48 -0500
Processing by UsersController#index as */*
  Parameters: {"username"=>"Dee", "password"=>"[FILTERED]"}
Filter chain halted as :authenticate_token rendered or redirected
Completed 200 OK in 0ms (Views: 0.1ms | ActiveRecord: 0.0ms | Allocations: 232)


Started GET "/users?username=Dee&password=[FILTERED]" for ::1 at 2020-01-13 14:10:49 -0500
Processing by UsersController#index as */*
  Parameters: {"username"=>"Dee", "password"=>"[FILTERED]"}
Filter chain halted as :authenticate_token rendered or redirected
Completed 200 OK in 0ms (Views: 0.1ms | ActiveRecord: 0.0ms | Allocations: 228)


Started GET "/users/1?username=Dee&password=[FILTERED]" for ::1 at 2020-01-13 14:11:02 -0500
Processing by UsersController#show as */*
  Parameters: {"username"=>"Dee", "password"=>"[FILTERED]", "id"=>"1"}
  [1m[36mUser Load (0.2ms)[0m  [1m[34mSELECT "users".* FROM "users" WHERE "users"."id" = $1 LIMIT $2[0m  [["id", 1], ["LIMIT", 1]]
  ↳ app/controllers/users_controller.rb:74:in `set_user'
Filter chain halted as :authenticate_token rendered or redirected
Completed 200 OK in 2ms (Views: 0.1ms | ActiveRecord: 0.3ms | Allocations: 1243)


Started POST "/users/register?username=Dee&password=[FILTERED]" for ::1 at 2020-01-13 14:11:30 -0500
Processing by UsersController#register as */*
  Parameters: {"username"=>"Dee", "password"=>"[FILTERED]"}
Filter chain halted as :authenticate_token rendered or redirected
Completed 200 OK in 0ms (Views: 0.1ms | ActiveRecord: 0.0ms | Allocations: 228)


Started POST "/users/register?username=Dee&password=[FILTERED]" for ::1 at 2020-01-13 14:11:40 -0500
  [1m[35m (0.4ms)[0m  [1m[34mSELECT "schema_migrations"."version" FROM "schema_migrations" ORDER BY "schema_migrations"."version" ASC[0m
Processing by UsersController#register as */*
  Parameters: {"username"=>"Dee", "password"=>"[FILTERED]"}
Filter chain halted as :authenticate_token rendered or redirected
Completed 200 OK in 1ms (Views: 0.2ms | ActiveRecord: 0.0ms | Allocations: 323)


Started GET "/users?username=Dee&password=[FILTERED]" for ::1 at 2020-01-13 14:13:01 -0500
Processing by UsersController#index as */*
  Parameters: {"username"=>"Dee", "password"=>"[FILTERED]"}
Filter chain halted as :authenticate_token rendered or redirected
Completed 200 OK in 0ms (Views: 0.1ms | ActiveRecord: 0.0ms | Allocations: 280)


Started GET "/users?username=Dee&password=[FILTERED]" for ::1 at 2020-01-13 14:14:41 -0500
Processing by UsersController#index as */*
  Parameters: {"username"=>"Dee", "password"=>"[FILTERED]"}
Filter chain halted as :authenticate_token rendered or redirected
Completed 200 OK in 0ms (Views: 0.1ms | ActiveRecord: 0.0ms | Allocations: 279)


Started GET "/users?username=Dee&password=[FILTERED]" for ::1 at 2020-01-13 14:14:42 -0500
Processing by UsersController#index as */*
  Parameters: {"username"=>"Dee", "password"=>"[FILTERED]"}
Filter chain halted as :authenticate_token rendered or redirected
Completed 200 OK in 0ms (Views: 0.1ms | ActiveRecord: 0.0ms | Allocations: 228)


Started GET "/users?username=Dee&password=[FILTERED]" for ::1 at 2020-01-13 14:15:27 -0500
  
SyntaxError (/Users/melissadonegan/ga/owls/project-5/project5_app_api/app/controllers/application_controller.rb:30: syntax error, unexpected end, expecting end-of-input):
  
app/controllers/application_controller.rb:30: syntax error, unexpected end, expecting end-of-input
app/controllers/application_controller.rb:30: syntax error, unexpected end, expecting end-of-input
app/controllers/users_controller.rb:1:in `<main>'
Started GET "/users?username=Dee&password=[FILTERED]" for ::1 at 2020-01-13 14:15:52 -0500
Started GET "/users?username=Dee&password=[FILTERED]" for ::1 at 2020-01-13 14:31:27 -0500
  [1m[35m (0.4ms)[0m  [1m[34mSELECT "schema_migrations"."version" FROM "schema_migrations" ORDER BY "schema_migrations"."version" ASC[0m
Processing by UsersController#index as */*
  Parameters: {"username"=>"Dee", "password"=>"[FILTERED]"}
Filter chain halted as :authenticate_token rendered or redirected
Completed 200 OK in 1ms (Views: 0.2ms | ActiveRecord: 0.0ms | Allocations: 338)


Started GET "/users?username=Dee&password=[FILTERED]" for ::1 at 2020-01-13 14:31:29 -0500
Processing by UsersController#index as */*
  Parameters: {"username"=>"Dee", "password"=>"[FILTERED]"}
Filter chain halted as :authenticate_token rendered or redirected
Completed 200 OK in 0ms (Views: 0.1ms | ActiveRecord: 0.0ms | Allocations: 243)


Started GET "/users/1?username=Dee&password=[FILTERED]" for ::1 at 2020-01-13 14:32:10 -0500
Processing by UsersController#show as */*
  Parameters: {"username"=>"Dee", "password"=>"[FILTERED]", "id"=>"1"}
  [1m[36mUser Load (0.3ms)[0m  [1m[34mSELECT "users".* FROM "users" WHERE "users"."id" = $1 LIMIT $2[0m  [["id", 1], ["LIMIT", 1]]
  ↳ app/controllers/users_controller.rb:74:in `set_user'
Filter chain halted as :authenticate_token rendered or redirected
Completed 200 OK in 27ms (Views: 0.1ms | ActiveRecord: 3.2ms | Allocations: 6420)


Started GET "/users/1?username=Dee&password=[FILTERED]" for ::1 at 2020-01-13 14:33:04 -0500
Processing by UsersController#show as */*
  Parameters: {"username"=>"Dee", "password"=>"[FILTERED]", "id"=>"1"}
  [1m[36mUser Load (0.1ms)[0m  [1m[34mSELECT "users".* FROM "users" WHERE "users"."id" = $1 LIMIT $2[0m  [["id", 1], ["LIMIT", 1]]
  ↳ app/controllers/users_controller.rb:68:in `set_user'
Filter chain halted as :authenticate_token rendered or redirected
Completed 200 OK in 7ms (Views: 0.1ms | ActiveRecord: 2.2ms | Allocations: 4480)


Started GET "/users?username=Dee&password=[FILTERED]" for ::1 at 2020-01-13 14:33:23 -0500
Processing by UsersController#index as */*
  Parameters: {"username"=>"Dee", "password"=>"[FILTERED]"}
Filter chain halted as :authenticate_token rendered or redirected
Completed 200 OK in 0ms (Views: 0.1ms | ActiveRecord: 0.0ms | Allocations: 243)


Started POST "/users/register?username=Dee&password=[FILTERED]" for ::1 at 2020-01-13 14:33:46 -0500
Processing by UsersController#register as */*
  Parameters: {"username"=>"Dee", "password"=>"[FILTERED]"}
Filter chain halted as :authenticate_token rendered or redirected
Completed 200 OK in 0ms (Views: 0.1ms | ActiveRecord: 0.0ms | Allocations: 243)


Started POST "/users/register?username=Dee&password=[FILTERED]" for ::1 at 2020-01-13 14:35:31 -0500
Processing by UsersController#register as */*
  Parameters: {"username"=>"Dee", "password"=>"[FILTERED]"}
Filter chain halted as :authenticate_token rendered or redirected
Completed 200 OK in 0ms (Views: 0.1ms | ActiveRecord: 0.0ms | Allocations: 294)


Started GET "/users?username=Dee&password=[FILTERED]" for ::1 at 2020-01-13 14:35:36 -0500
Processing by UsersController#index as */*
  Parameters: {"username"=>"Dee", "password"=>"[FILTERED]"}
Filter chain halted as :authenticate_token rendered or redirected
Completed 200 OK in 0ms (Views: 0.1ms | ActiveRecord: 0.0ms | Allocations: 243)


  [1m[35m (2.6ms)[0m  [1m[35mCREATE DATABASE "project5_app_api_development" ENCODING = 'unicode'[0m
  [1m[35m (0.3ms)[0m  [1m[35mCREATE DATABASE "project5_app_api_test" ENCODING = 'unicode'[0m
  [1m[35m (0.4ms)[0m  [1m[34mSELECT "schema_migrations"."version" FROM "schema_migrations" ORDER BY "schema_migrations"."version" ASC[0m
  [1m[35m (0.1ms)[0m  [1m[34mSELECT pg_try_advisory_lock(309518060361983760)[0m
  [1m[35m (0.4ms)[0m  [1m[34mSELECT "schema_migrations"."version" FROM "schema_migrations" ORDER BY "schema_migrations"."version" ASC[0m
Migrating to CreateProducts (20200113193819)
  [1m[35m (0.1ms)[0m  [1m[35mBEGIN[0m
  [1m[35m (13.3ms)[0m  [1m[35mCREATE TABLE "products" ("id" bigserial primary key, "productName" character varying, "product" character varying, "productAdjective" character varying, "color" character varying, "price" character varying, "created_at" timestamp(6) NOT NULL, "updated_at" timestamp(6) NOT NULL)[0m
  [1m[36mprimary::SchemaMigration Create (0.3ms)[0m  [1m[32mINSERT INTO "schema_migrations" ("version") VALUES ($1) RETURNING "version"[0m  [["version", "20200113193819"]]
  [1m[35m (1.5ms)[0m  [1m[35mCOMMIT[0m
  [1m[36mActiveRecord::InternalMetadata Load (0.4ms)[0m  [1m[34mSELECT "ar_internal_metadata".* FROM "ar_internal_metadata" WHERE "ar_internal_metadata"."key" = $1 LIMIT $2[0m  [["key", "environment"], ["LIMIT", 1]]
  [1m[35m (0.2ms)[0m  [1m[34mSELECT pg_advisory_unlock(309518060361983760)[0m
  [1m[35m (0.4ms)[0m  [1m[34mSELECT "schema_migrations"."version" FROM "schema_migrations" ORDER BY "schema_migrations"."version" ASC[0m
  [1m[35m (0.4ms)[0m  [1m[34mSELECT "schema_migrations"."version" FROM "schema_migrations" ORDER BY "schema_migrations"."version" ASC[0m
  [1m[35m (0.4ms)[0m  [1m[34mSELECT "schema_migrations"."version" FROM "schema_migrations" ORDER BY "schema_migrations"."version" ASC[0m
  [1m[35m (0.4ms)[0m  [1m[34mSELECT "schema_migrations"."version" FROM "schema_migrations" ORDER BY "schema_migrations"."version" ASC[0m
  [1m[35m (0.4ms)[0m  [1m[34mSELECT "schema_migrations"."version" FROM "schema_migrations" ORDER BY "schema_migrations"."version" ASC[0m
  [1m[35m (0.4ms)[0m  [1m[34mSELECT "schema_migrations"."version" FROM "schema_migrations" ORDER BY "schema_migrations"."version" ASC[0m
  [1m[35m (0.1ms)[0m  [1m[34mSELECT "schema_migrations"."version" FROM "schema_migrations" ORDER BY "schema_migrations"."version" ASC[0m
  [1m[35m (0.1ms)[0m  [1m[34mSELECT "schema_migrations"."version" FROM "schema_migrations" ORDER BY "schema_migrations"."version" ASC[0m
  [1m[35m (0.1ms)[0m  [1m[34mSELECT pg_try_advisory_lock(309518060361983760)[0m
  [1m[35m (0.1ms)[0m  [1m[34mSELECT "schema_migrations"."version" FROM "schema_migrations" ORDER BY "schema_migrations"."version" ASC[0m
Migrating to CreateProducts (20200113193819)
  [1m[35m (0.1ms)[0m  [1m[35mBEGIN[0m
  [1m[35m (6.3ms)[0m  [1m[35mDROP TABLE "products"[0m
  [1m[36mprimary::SchemaMigration Destroy (0.3ms)[0m  [1m[31mDELETE FROM "schema_migrations" WHERE "schema_migrations"."version" = $1[0m  [["version", "20200113193819"]]
  [1m[35m (3.5ms)[0m  [1m[35mCOMMIT[0m
  [1m[35m (0.2ms)[0m  [1m[34mSELECT pg_advisory_unlock(309518060361983760)[0m
  [1m[35m (0.4ms)[0m  [1m[34mSELECT "schema_migrations"."version" FROM "schema_migrations" ORDER BY "schema_migrations"."version" ASC[0m
  [1m[35m (0.1ms)[0m  [1m[34mSELECT pg_try_advisory_lock(309518060361983760)[0m
  [1m[35m (0.4ms)[0m  [1m[34mSELECT "schema_migrations"."version" FROM "schema_migrations" ORDER BY "schema_migrations"."version" ASC[0m
Migrating to CreateProducts (20200113193819)
  [1m[35m (0.1ms)[0m  [1m[35mBEGIN[0m
  [1m[35m (5.0ms)[0m  [1m[35mCREATE TABLE "products" ("id" bigserial primary key, "product" character varying, "color" character varying, "price" character varying, "created_at" timestamp(6) NOT NULL, "updated_at" timestamp(6) NOT NULL)[0m
  [1m[36mprimary::SchemaMigration Create (0.2ms)[0m  [1m[32mINSERT INTO "schema_migrations" ("version") VALUES ($1) RETURNING "version"[0m  [["version", "20200113193819"]]
  [1m[35m (0.4ms)[0m  [1m[35mCOMMIT[0m
  [1m[36mActiveRecord::InternalMetadata Load (0.2ms)[0m  [1m[34mSELECT "ar_internal_metadata".* FROM "ar_internal_metadata" WHERE "ar_internal_metadata"."key" = $1 LIMIT $2[0m  [["key", "environment"], ["LIMIT", 1]]
  [1m[35m (0.2ms)[0m  [1m[34mSELECT pg_advisory_unlock(309518060361983760)[0m
  [1m[35m (0.4ms)[0m  [1m[34mSELECT "schema_migrations"."version" FROM "schema_migrations" ORDER BY "schema_migrations"."version" ASC[0m
  [1m[35m (0.4ms)[0m  [1m[34mSELECT "schema_migrations"."version" FROM "schema_migrations" ORDER BY "schema_migrations"."version" ASC[0m
  [1m[35m (0.1ms)[0m  [1m[35mBEGIN[0m
  [1m[36mProduct Create (0.5ms)[0m  [1m[32mINSERT INTO "products" ("product", "color", "price", "created_at", "updated_at") VALUES ($1, $2, $3, $4, $5) RETURNING "id"[0m  [["product", "Durable Plastic Bench"], ["color", "violet"], ["price", "51.95"], ["created_at", "2020-01-13 20:11:10.064520"], ["updated_at", "2020-01-13 20:11:10.064520"]]
  [1m[35m (0.5ms)[0m  [1m[35mCOMMIT[0m
  [1m[35m (0.1ms)[0m  [1m[35mBEGIN[0m
  [1m[36mProduct Create (0.2ms)[0m  [1m[32mINSERT INTO "products" ("product", "color", "price", "created_at", "updated_at") VALUES ($1, $2, $3, $4, $5) RETURNING "id"[0m  [["product", "Intelligent Silk Knife"], ["color", "salmon"], ["price", "17.03"], ["created_at", "2020-01-13 20:11:10.068260"], ["updated_at", "2020-01-13 20:11:10.068260"]]
  [1m[35m (0.3ms)[0m  [1m[35mCOMMIT[0m
  [1m[35m (0.1ms)[0m  [1m[35mBEGIN[0m
  [1m[36mProduct Create (0.2ms)[0m  [1m[32mINSERT INTO "products" ("product", "color", "price", "created_at", "updated_at") VALUES ($1, $2, $3, $4, $5) RETURNING "id"[0m  [["product", "Mediocre Iron Car"], ["color", "fuchsia"], ["price", "64.55"], ["created_at", "2020-01-13 20:11:10.070919"], ["updated_at", "2020-01-13 20:11:10.070919"]]
  [1m[35m (0.3ms)[0m  [1m[35mCOMMIT[0m
  [1m[35m (0.1ms)[0m  [1m[35mBEGIN[0m
  [1m[36mProduct Create (0.2ms)[0m  [1m[32mINSERT INTO "products" ("product", "color", "price", "created_at", "updated_at") VALUES ($1, $2, $3, $4, $5) RETURNING "id"[0m  [["product", "Durable Steel Wallet"], ["color", "lime"], ["price", "12.63"], ["created_at", "2020-01-13 20:11:10.073514"], ["updated_at", "2020-01-13 20:11:10.073514"]]
  [1m[35m (0.3ms)[0m  [1m[35mCOMMIT[0m
  [1m[35m (0.1ms)[0m  [1m[35mBEGIN[0m
  [1m[36mProduct Create (0.2ms)[0m  [1m[32mINSERT INTO "products" ("product", "color", "price", "created_at", "updated_at") VALUES ($1, $2, $3, $4, $5) RETURNING "id"[0m  [["product", "Sleek Wool Lamp"], ["color", "lavender"], ["price", "88.76"], ["created_at", "2020-01-13 20:11:10.076000"], ["updated_at", "2020-01-13 20:11:10.076000"]]
  [1m[35m (0.3ms)[0m  [1m[35mCOMMIT[0m
  [1m[35m (0.1ms)[0m  [1m[35mBEGIN[0m
  [1m[36mProduct Create (0.2ms)[0m  [1m[32mINSERT INTO "products" ("product", "color", "price", "created_at", "updated_at") VALUES ($1, $2, $3, $4, $5) RETURNING "id"[0m  [["product", "Durable Concrete Keyboard"], ["color", "yellow"], ["price", "48.04"], ["created_at", "2020-01-13 20:11:10.078510"], ["updated_at", "2020-01-13 20:11:10.078510"]]
  [1m[35m (0.2ms)[0m  [1m[35mCOMMIT[0m
  [1m[35m (0.1ms)[0m  [1m[35mBEGIN[0m
  [1m[36mProduct Create (0.1ms)[0m  [1m[32mINSERT INTO "products" ("product", "color", "price", "created_at", "updated_at") VALUES ($1, $2, $3, $4, $5) RETURNING "id"[0m  [["product", "Gorgeous Aluminum Bench"], ["color", "olive"], ["price", "47.82"], ["created_at", "2020-01-13 20:11:10.080902"], ["updated_at", "2020-01-13 20:11:10.080902"]]
  [1m[35m (0.3ms)[0m  [1m[35mCOMMIT[0m
  [1m[35m (0.1ms)[0m  [1m[35mBEGIN[0m
  [1m[36mProduct Create (0.2ms)[0m  [1m[32mINSERT INTO "products" ("product", "color", "price", "created_at", "updated_at") VALUES ($1, $2, $3, $4, $5) RETURNING "id"[0m  [["product", "Lightweight Aluminum Car"], ["color", "magenta"], ["price", "55.45"], ["created_at", "2020-01-13 20:11:10.083483"], ["updated_at", "2020-01-13 20:11:10.083483"]]
  [1m[35m (0.3ms)[0m  [1m[35mCOMMIT[0m
  [1m[35m (0.1ms)[0m  [1m[35mBEGIN[0m
  [1m[36mProduct Create (0.2ms)[0m  [1m[32mINSERT INTO "products" ("product", "color", "price", "created_at", "updated_at") VALUES ($1, $2, $3, $4, $5) RETURNING "id"[0m  [["product", "Heavy Duty Granite Shoes"], ["color", "red"], ["price", "7.44"], ["created_at", "2020-01-13 20:11:10.092942"], ["updated_at", "2020-01-13 20:11:10.092942"]]
  [1m[35m (0.3ms)[0m  [1m[35mCOMMIT[0m
  [1m[35m (0.1ms)[0m  [1m[35mBEGIN[0m
  [1m[36mProduct Create (0.2ms)[0m  [1m[32mINSERT INTO "products" ("product", "color", "price", "created_at", "updated_at") VALUES ($1, $2, $3, $4, $5) RETURNING "id"[0m  [["product", "Mediocre Silk Plate"], ["color", "cyan"], ["price", "63.2"], ["created_at", "2020-01-13 20:11:10.095426"], ["updated_at", "2020-01-13 20:11:10.095426"]]
  [1m[35m (0.3ms)[0m  [1m[35mCOMMIT[0m
Started GET "/products" for ::1 at 2020-01-13 15:13:52 -0500
  [1m[35m (0.4ms)[0m  [1m[34mSELECT "schema_migrations"."version" FROM "schema_migrations" ORDER BY "schema_migrations"."version" ASC[0m
Processing by ProductsController#index as HTML
  [1m[36mProduct Load (0.4ms)[0m  [1m[34mSELECT "products".* FROM "products"[0m
  ↳ app/controllers/products_controller.rb:8:in `index'
Completed 200 OK in 12ms (Views: 7.0ms | ActiveRecord: 2.9ms | Allocations: 7421)


Started GET "/users?username=Dee&password=[FILTERED]" for ::1 at 2020-01-13 15:20:34 -0500
  [1m[35m (0.4ms)[0m  [1m[34mSELECT "schema_migrations"."version" FROM "schema_migrations" ORDER BY "schema_migrations"."version" ASC[0m
Processing by UsersController#index as */*
  Parameters: {"username"=>"Dee", "password"=>"[FILTERED]"}
Filter chain halted as :authenticate_token rendered or redirected
Completed 200 OK in 1ms (Views: 0.1ms | ActiveRecord: 0.0ms | Allocations: 339)


Started GET "/users" for ::1 at 2020-01-13 15:21:13 -0500
Processing by UsersController#index as */*
Filter chain halted as :authenticate_token rendered or redirected
Completed 200 OK in 0ms (Views: 0.1ms | ActiveRecord: 0.0ms | Allocations: 243)


Started GET "/users" for ::1 at 2020-01-13 15:22:22 -0500
Processing by UsersController#index as */*
Completed 500 Internal Server Error in 1ms (ActiveRecord: 0.0ms | Allocations: 259)


  
JWT::ExpiredSignature (Signature has expired):
  
app/controllers/application_controller.rb:18:in `decode_token'
app/controllers/application_controller.rb:5:in `authenticate_token'
Started POST "/users?username=Mel&password=[FILTERED]" for ::1 at 2020-01-13 15:23:26 -0500
Processing by UsersController#create as */*
  Parameters: {"username"=>"Mel", "password"=>"[FILTERED]"}
  [1m[35m (0.2ms)[0m  [1m[35mBEGIN[0m
  ↳ app/controllers/users_controller.rb:22:in `create'
  [1m[36mUser Create (0.4ms)[0m  [1m[32mINSERT INTO "users" ("username", "password_digest", "created_at", "updated_at") VALUES ($1, $2, $3, $4) RETURNING "id"[0m  [["username", "Mel"], ["password_digest", "$2a$12$Nz3YVY0MHgE89eIq1/XUBu7Y0D7o/reWa0Mos2H2CHMRlzOmBqQbO"], ["created_at", "2020-01-13 20:23:27.021912"], ["updated_at", "2020-01-13 20:23:27.021912"]]
  ↳ app/controllers/users_controller.rb:22:in `create'
  [1m[35m (3.0ms)[0m  [1m[35mCOMMIT[0m
  ↳ app/controllers/users_controller.rb:22:in `create'
Completed 201 Created in 201ms (Views: 0.6ms | ActiveRecord: 6.4ms | Allocations: 8841)


Started POST "/users?username=Mel&password=[FILTERED]" for ::1 at 2020-01-13 15:24:17 -0500
  
AbstractController::ActionNotFound (The action 'create' could not be found for UsersController):
  
actionpack (6.0.2.1) lib/abstract_controller/base.rb:131:in `process'
actionpack (6.0.2.1) lib/action_controller/metal.rb:191:in `dispatch'
actionpack (6.0.2.1) lib/action_controller/metal.rb:252:in `dispatch'
actionpack (6.0.2.1) lib/action_dispatch/routing/route_set.rb:51:in `dispatch'
actionpack (6.0.2.1) lib/action_dispatch/routing/route_set.rb:33:in `serve'
actionpack (6.0.2.1) lib/action_dispatch/journey/router.rb:49:in `block in serve'
actionpack (6.0.2.1) lib/action_dispatch/journey/router.rb:32:in `each'
actionpack (6.0.2.1) lib/action_dispatch/journey/router.rb:32:in `serve'
actionpack (6.0.2.1) lib/action_dispatch/routing/route_set.rb:837:in `call'
rack (2.1.1) lib/rack/etag.rb:27:in `call'
rack (2.1.1) lib/rack/conditional_get.rb:40:in `call'
rack (2.1.1) lib/rack/head.rb:14:in `call'
activerecord (6.0.2.1) lib/active_record/migration.rb:567:in `call'
actionpack (6.0.2.1) lib/action_dispatch/middleware/callbacks.rb:27:in `block in call'
activesupport (6.0.2.1) lib/active_support/callbacks.rb:101:in `run_callbacks'
actionpack (6.0.2.1) lib/action_dispatch/middleware/callbacks.rb:26:in `call'
actionpack (6.0.2.1) lib/action_dispatch/middleware/executor.rb:14:in `call'
actionpack (6.0.2.1) lib/action_dispatch/middleware/actionable_exceptions.rb:17:in `call'
actionpack (6.0.2.1) lib/action_dispatch/middleware/debug_exceptions.rb:32:in `call'
actionpack (6.0.2.1) lib/action_dispatch/middleware/show_exceptions.rb:33:in `call'
railties (6.0.2.1) lib/rails/rack/logger.rb:38:in `call_app'
railties (6.0.2.1) lib/rails/rack/logger.rb:26:in `block in call'
activesupport (6.0.2.1) lib/active_support/tagged_logging.rb:80:in `block in tagged'
activesupport (6.0.2.1) lib/active_support/tagged_logging.rb:28:in `tagged'
activesupport (6.0.2.1) lib/active_support/tagged_logging.rb:80:in `tagged'
railties (6.0.2.1) lib/rails/rack/logger.rb:26:in `call'
actionpack (6.0.2.1) lib/action_dispatch/middleware/remote_ip.rb:81:in `call'
actionpack (6.0.2.1) lib/action_dispatch/middleware/request_id.rb:27:in `call'
rack (2.1.1) lib/rack/runtime.rb:24:in `call'
activesupport (6.0.2.1) lib/active_support/cache/strategy/local_cache_middleware.rb:29:in `call'
actionpack (6.0.2.1) lib/action_dispatch/middleware/executor.rb:14:in `call'
actionpack (6.0.2.1) lib/action_dispatch/middleware/static.rb:126:in `call'
rack (2.1.1) lib/rack/sendfile.rb:113:in `call'
actionpack (6.0.2.1) lib/action_dispatch/middleware/host_authorization.rb:83:in `call'
railties (6.0.2.1) lib/rails/engine.rb:526:in `call'
puma (4.3.1) lib/puma/configuration.rb:228:in `call'
puma (4.3.1) lib/puma/server.rb:681:in `handle_request'
puma (4.3.1) lib/puma/server.rb:472:in `process_client'
puma (4.3.1) lib/puma/server.rb:328:in `block in run'
puma (4.3.1) lib/puma/thread_pool.rb:134:in `block in spawn_thread'
Started POST "/users/login?username=Mel&password=[FILTERED]" for ::1 at 2020-01-13 15:24:53 -0500
Processing by UsersController#login as */*
  Parameters: {"username"=>"Mel", "password"=>"[FILTERED]"}
  [1m[36mUser Load (0.3ms)[0m  [1m[34mSELECT "users".* FROM "users" WHERE "users"."username" = $1 LIMIT $2[0m  [["username", "Mel"], ["LIMIT", 1]]
  ↳ app/controllers/users_controller.rb:55:in `login'
Completed 200 OK in 196ms (Views: 0.2ms | ActiveRecord: 2.7ms | Allocations: 6681)


Started GET "/users" for ::1 at 2020-01-13 15:25:20 -0500
Processing by UsersController#index as */*
  [1m[36mUser Load (0.2ms)[0m  [1m[34mSELECT "users".* FROM "users"[0m
  ↳ app/controllers/users_controller.rb:10:in `index'
Completed 200 OK in 3ms (Views: 2.2ms | ActiveRecord: 0.2ms | Allocations: 3031)


Started GET "/users" for ::1 at 2020-01-13 15:26:50 -0500
Processing by UsersController#index as */*
Filter chain halted as :authenticate_token rendered or redirected
Completed 200 OK in 0ms (Views: 0.1ms | ActiveRecord: 0.0ms | Allocations: 416)


